{"C:\\Users\\dmhb1\\_PROGRAMACION\\Tags!\\client\\src\\AppRouter.tsx": {"path":"C:\\Users\\dmhb1\\_PROGRAMACION\\Tags!\\client\\src\\AppRouter.tsx","statementMap":{"0":{"start":{"line":36,"column":0},"end":{"line":36,"column":24}},"1":{"start":{"line":1,"column":0},"end":{"line":1,"column":null}},"2":{"start":{"line":7,"column":0},"end":{"line":7,"column":45}},"3":{"start":{"line":8,"column":0},"end":{"line":8,"column":30}},"4":{"start":{"line":9,"column":0},"end":{"line":9,"column":38}},"5":{"start":{"line":10,"column":0},"end":{"line":10,"column":34}},"6":{"start":{"line":11,"column":0},"end":{"line":11,"column":36}},"7":{"start":{"line":12,"column":0},"end":{"line":12,"column":38}},"8":{"start":{"line":13,"column":0},"end":{"line":13,"column":32}},"9":{"start":{"line":14,"column":0},"end":{"line":14,"column":34}},"10":{"start":{"line":15,"column":0},"end":{"line":15,"column":32}},"11":{"start":{"line":16,"column":0},"end":{"line":16,"column":40}},"12":{"start":{"line":17,"column":0},"end":{"line":17,"column":32}},"13":{"start":{"line":19,"column":15},"end":{"line":33,"column":null}},"14":{"start":{"line":37,"column":2},"end":{"line":37,"column":44}}},"fnMap":{"0":{"name":"AppRouter","decl":{"start":{"line":36,"column":24},"end":{"line":36,"column":33}},"loc":{"start":{"line":36,"column":33},"end":{"line":38,"column":1}}}},"branchMap":{},"s":{"0":0,"1":0,"2":0,"3":0,"4":0,"5":0,"6":0,"7":0,"8":0,"9":0,"10":0,"11":0,"12":0,"13":0,"14":0},"f":{"0":0},"b":{}}
,"C:\\Users\\dmhb1\\_PROGRAMACION\\Tags!\\client\\src\\assets\\firebase\\auth.ts": {"path":"C:\\Users\\dmhb1\\_PROGRAMACION\\Tags!\\client\\src\\assets\\firebase\\auth.ts","statementMap":{"0":{"start":{"line":8,"column":0},"end":{"line":8,"column":7}},"1":{"start":{"line":28,"column":0},"end":{"line":28,"column":7}},"2":{"start":{"line":45,"column":0},"end":{"line":45,"column":7}},"3":{"start":{"line":1,"column":0},"end":{"line":1,"column":113}},"4":{"start":{"line":2,"column":0},"end":{"line":2,"column":52}},"5":{"start":{"line":3,"column":0},"end":{"line":3,"column":64}},"6":{"start":{"line":4,"column":0},"end":{"line":4,"column":34}},"7":{"start":{"line":10,"column":4},"end":{"line":13,"column":5}},"8":{"start":{"line":11,"column":8},"end":{"line":11,"column":73}},"9":{"start":{"line":12,"column":8},"end":{"line":12,"column":32}},"10":{"start":{"line":16,"column":4},"end":{"line":25,"column":5}},"11":{"start":{"line":17,"column":23},"end":{"line":17,"column":52}},"12":{"start":{"line":18,"column":20},"end":{"line":18,"column":35}},"13":{"start":{"line":19,"column":8},"end":{"line":19,"column":41}},"14":{"start":{"line":20,"column":8},"end":{"line":20,"column":52}},"15":{"start":{"line":21,"column":8},"end":{"line":21,"column":27}},"16":{"start":{"line":23,"column":8},"end":{"line":23,"column":39}},"17":{"start":{"line":24,"column":8},"end":{"line":24,"column":20}},"18":{"start":{"line":29,"column":4},"end":{"line":29,"column":67}},"19":{"start":{"line":29,"column":27},"end":{"line":29,"column":67}},"20":{"start":{"line":31,"column":23},"end":{"line":31,"column":68}},"21":{"start":{"line":32,"column":4},"end":{"line":32,"column":null}},"22":{"start":{"line":34,"column":4},"end":{"line":40,"column":5}},"23":{"start":{"line":35,"column":23},"end":{"line":35,"column":77}},"24":{"start":{"line":36,"column":8},"end":{"line":36,"column":66}},"25":{"start":{"line":37,"column":8},"end":{"line":37,"column":27}},"26":{"start":{"line":39,"column":8},"end":{"line":39,"column":null}},"27":{"start":{"line":46,"column":17},"end":{"line":46,"column":26}},"28":{"start":{"line":47,"column":19},"end":{"line":47,"column":74}},"29":{"start":{"line":48,"column":4},"end":{"line":48,"column":49}},"30":{"start":{"line":49,"column":4},"end":{"line":49,"column":23}}},"fnMap":{"0":{"name":"ensureFirebaseUser","decl":{"start":{"line":8,"column":22},"end":{"line":8,"column":40}},"loc":{"start":{"line":8,"column":40},"end":{"line":26,"column":1}}},"1":{"name":"upgradeAnonUser","decl":{"start":{"line":28,"column":22},"end":{"line":28,"column":37}},"loc":{"start":{"line":28,"column":69},"end":{"line":41,"column":1}}},"2":{"name":"loginUserFB","decl":{"start":{"line":45,"column":22},"end":{"line":45,"column":33}},"loc":{"start":{"line":45,"column":65},"end":{"line":50,"column":1}}}},"branchMap":{"0":{"loc":{"start":{"line":10,"column":4},"end":{"line":13,"column":5}},"type":"if","locations":[{"start":{"line":10,"column":4},"end":{"line":13,"column":5}}]},"1":{"loc":{"start":{"line":29,"column":4},"end":{"line":29,"column":67}},"type":"if","locations":[{"start":{"line":29,"column":4},"end":{"line":29,"column":67}}]}},"s":{"0":0,"1":0,"2":0,"3":0,"4":0,"5":0,"6":0,"7":0,"8":0,"9":0,"10":0,"11":0,"12":0,"13":0,"14":0,"15":0,"16":0,"17":0,"18":0,"19":0,"20":0,"21":0,"22":0,"23":0,"24":0,"25":0,"26":0,"27":0,"28":0,"29":0,"30":0},"f":{"0":0,"1":0,"2":0},"b":{"0":[0],"1":[0]}}
,"C:\\Users\\dmhb1\\_PROGRAMACION\\Tags!\\client\\src\\assets\\firebase\\bucket.ts": {"path":"C:\\Users\\dmhb1\\_PROGRAMACION\\Tags!\\client\\src\\assets\\firebase\\bucket.ts","statementMap":{"0":{"start":{"line":8,"column":0},"end":{"line":8,"column":7}},"1":{"start":{"line":1,"column":0},"end":{"line":1,"column":68}},"2":{"start":{"line":2,"column":0},"end":{"line":2,"column":37}},"3":{"start":{"line":3,"column":0},"end":{"line":3,"column":44}},"4":{"start":{"line":9,"column":17},"end":{"line":9,"column":43}},"5":{"start":{"line":10,"column":16},"end":{"line":10,"column":24}},"6":{"start":{"line":11,"column":22},"end":{"line":11,"column":32}},"7":{"start":{"line":12,"column":26},"end":{"line":12,"column":52}},"8":{"start":{"line":13,"column":21},"end":{"line":15,"column":6}},"9":{"start":{"line":16,"column":23},"end":{"line":16,"column":88}},"10":{"start":{"line":18,"column":21},"end":{"line":18,"column":66}},"11":{"start":{"line":19,"column":4},"end":{"line":25,"column":5}},"12":{"start":{"line":20,"column":20},"end":{"line":20,"column":52}},"13":{"start":{"line":21,"column":8},"end":{"line":21,"column":null}},"14":{"start":{"line":24,"column":8},"end":{"line":24,"column":14}}},"fnMap":{"0":{"name":"uploadFile","decl":{"start":{"line":8,"column":22},"end":{"line":8,"column":32}},"loc":{"start":{"line":8,"column":61},"end":{"line":26,"column":1}}}},"branchMap":{"0":{"loc":{"start":{"line":19,"column":4},"end":{"line":25,"column":5}},"type":"if","locations":[{"start":{"line":19,"column":4},"end":{"line":25,"column":5}},{"start":{"line":23,"column":9},"end":{"line":25,"column":5}}]}},"s":{"0":0,"1":0,"2":0,"3":0,"4":0,"5":0,"6":0,"7":0,"8":0,"9":0,"10":0,"11":0,"12":0,"13":0,"14":0},"f":{"0":0},"b":{"0":[0,0]}}
,"C:\\Users\\dmhb1\\_PROGRAMACION\\Tags!\\client\\src\\assets\\helperFunctions\\calculateTimeLeft.ts": {"path":"C:\\Users\\dmhb1\\_PROGRAMACION\\Tags!\\client\\src\\assets\\helperFunctions\\calculateTimeLeft.ts","statementMap":{"0":{"start":{"line":4,"column":0},"end":{"line":4,"column":24}},"1":{"start":{"line":6,"column":34},"end":{"line":6,"column":63}},"2":{"start":{"line":7,"column":32},"end":{"line":7,"column":59}},"3":{"start":{"line":8,"column":24},"end":{"line":8,"column":34}},"4":{"start":{"line":9,"column":29},"end":{"line":9,"column":56}},"5":{"start":{"line":10,"column":31},"end":{"line":10,"column":85}},"6":{"start":{"line":11,"column":4},"end":{"line":12,"column":null}}},"fnMap":{"0":{"name":"calculateTimeLeft","decl":{"start":{"line":4,"column":24},"end":{"line":4,"column":41}},"loc":{"start":{"line":4,"column":76},"end":{"line":13,"column":1}}}},"branchMap":{},"s":{"0":0,"1":0,"2":0,"3":0,"4":0,"5":0,"6":0},"f":{"0":0},"b":{}}
,"C:\\Users\\dmhb1\\_PROGRAMACION\\Tags!\\client\\src\\assets\\helperFunctions\\chatFunctions.ts": {"path":"C:\\Users\\dmhb1\\_PROGRAMACION\\Tags!\\client\\src\\assets\\helperFunctions\\chatFunctions.ts","statementMap":{"0":{"start":{"line":7,"column":0},"end":{"line":7,"column":7}},"1":{"start":{"line":2,"column":0},"end":{"line":2,"column":50}},"2":{"start":{"line":3,"column":0},"end":{"line":3,"column":51}},"3":{"start":{"line":4,"column":0},"end":{"line":4,"column":52}},"4":{"start":{"line":5,"column":0},"end":{"line":5,"column":52}},"5":{"start":{"line":8,"column":4},"end":{"line":8,"column":null}},"6":{"start":{"line":10,"column":22},"end":{"line":10,"column":42}},"7":{"start":{"line":11,"column":22},"end":{"line":11,"column":42}},"8":{"start":{"line":12,"column":21},"end":{"line":12,"column":40}},"9":{"start":{"line":13,"column":22},"end":{"line":13,"column":42}},"10":{"start":{"line":15,"column":4},"end":{"line":15,"column":36}},"11":{"start":{"line":17,"column":4},"end":{"line":25,"column":5}},"12":{"start":{"line":19,"column":12},"end":{"line":21,"column":60}},"13":{"start":{"line":22,"column":8},"end":{"line":22,"column":null}},"14":{"start":{"line":23,"column":8},"end":{"line":23,"column":48}}},"fnMap":{"0":{"name":"populateStoreWithChatData","decl":{"start":{"line":7,"column":22},"end":{"line":7,"column":47}},"loc":{"start":{"line":7,"column":58},"end":{"line":26,"column":1}}}},"branchMap":{"0":{"loc":{"start":{"line":17,"column":4},"end":{"line":25,"column":5}},"type":"if","locations":[{"start":{"line":17,"column":4},"end":{"line":25,"column":5}}]},"1":{"loc":{"start":{"line":19,"column":12},"end":{"line":21,"column":60}},"type":"cond-expr","locations":[{"start":{"line":20,"column":18},"end":{"line":20,"column":63}},{"start":{"line":21,"column":18},"end":{"line":21,"column":60}}]}},"s":{"0":0,"1":0,"2":0,"3":0,"4":0,"5":0,"6":0,"7":0,"8":0,"9":0,"10":0,"11":0,"12":0,"13":0,"14":0},"f":{"0":0},"b":{"0":[0],"1":[0,0]}}
,"C:\\Users\\dmhb1\\_PROGRAMACION\\Tags!\\client\\src\\assets\\helperFunctions\\checkExistingChat.ts": {"path":"C:\\Users\\dmhb1\\_PROGRAMACION\\Tags!\\client\\src\\assets\\helperFunctions\\checkExistingChat.ts","statementMap":{"0":{"start":{"line":8,"column":0},"end":{"line":8,"column":17}},"1":{"start":{"line":6,"column":0},"end":{"line":6,"column":52}},"2":{"start":{"line":9,"column":18},"end":{"line":9,"column":72}},"3":{"start":{"line":9,"column":45},"end":{"line":9,"column":71}},"4":{"start":{"line":10,"column":4},"end":{"line":13,"column":5}},"5":{"start":{"line":11,"column":23},"end":{"line":11,"column":34}},"6":{"start":{"line":12,"column":8},"end":{"line":12,"column":null}},"7":{"start":{"line":14,"column":4},"end":{"line":14,"column":29}}},"fnMap":{"0":{"name":"checkExistingChat","decl":{"start":{"line":8,"column":17},"end":{"line":8,"column":34}},"loc":{"start":{"line":8,"column":65},"end":{"line":15,"column":1}}},"1":{"name":"(anonymous_1)","decl":{"start":{"line":9,"column":37},"end":{"line":9,"column":41}},"loc":{"start":{"line":9,"column":45},"end":{"line":9,"column":71}}}},"branchMap":{"0":{"loc":{"start":{"line":10,"column":4},"end":{"line":13,"column":5}},"type":"if","locations":[{"start":{"line":10,"column":4},"end":{"line":13,"column":5}}]},"1":{"loc":{"start":{"line":14,"column":11},"end":{"line":14,"column":28}},"type":"cond-expr","locations":[{"start":{"line":14,"column":17},"end":{"line":14,"column":21}},{"start":{"line":14,"column":24},"end":{"line":14,"column":28}}]}},"s":{"0":0,"1":0,"2":0,"3":0,"4":0,"5":0,"6":0,"7":0},"f":{"0":0,"1":0},"b":{"0":[0],"1":[0,0]}}
,"C:\\Users\\dmhb1\\_PROGRAMACION\\Tags!\\client\\src\\assets\\helperFunctions\\checkIdType.ts": {"path":"C:\\Users\\dmhb1\\_PROGRAMACION\\Tags!\\client\\src\\assets\\helperFunctions\\checkIdType.ts","statementMap":{"0":{"start":{"line":4,"column":0},"end":{"line":4,"column":16}},"1":{"start":{"line":5,"column":28},"end":{"line":5,"column":73}},"2":{"start":{"line":5,"column":59},"end":{"line":5,"column":72}},"3":{"start":{"line":6,"column":4},"end":{"line":6,"column":null}}},"fnMap":{"0":{"name":"checkIdType","decl":{"start":{"line":4,"column":16},"end":{"line":4,"column":27}},"loc":{"start":{"line":4,"column":69},"end":{"line":7,"column":1}}},"1":{"name":"(anonymous_1)","decl":{"start":{"line":5,"column":51},"end":{"line":5,"column":55}},"loc":{"start":{"line":5,"column":59},"end":{"line":5,"column":72}}}},"branchMap":{},"s":{"0":0,"1":0,"2":0,"3":0},"f":{"0":0,"1":0},"b":{}}
,"C:\\Users\\dmhb1\\_PROGRAMACION\\Tags!\\client\\src\\assets\\helperFunctions\\dateFunctions.ts": {"path":"C:\\Users\\dmhb1\\_PROGRAMACION\\Tags!\\client\\src\\assets\\helperFunctions\\dateFunctions.ts","statementMap":{"0":{"start":{"line":3,"column":0},"end":{"line":3,"column":24}},"1":{"start":{"line":18,"column":0},"end":{"line":18,"column":16}},"2":{"start":{"line":4,"column":21},"end":{"line":4,"column":35}},"3":{"start":{"line":6,"column":48},"end":{"line":10,"column":6}},"4":{"start":{"line":12,"column":18},"end":{"line":12,"column":63}},"5":{"start":{"line":14,"column":4},"end":{"line":14,"column":17}},"6":{"start":{"line":19,"column":22},"end":{"line":19,"column":36}},"7":{"start":{"line":20,"column":18},"end":{"line":20,"column":28}},"8":{"start":{"line":23,"column":6},"end":{"line":23,"column":55}},"9":{"start":{"line":25,"column":4},"end":{"line":37,"column":5}},"10":{"start":{"line":26,"column":6},"end":{"line":30,"column":9}},"11":{"start":{"line":32,"column":6},"end":{"line":36,"column":9}}},"fnMap":{"0":{"name":"stampToDate","decl":{"start":{"line":3,"column":24},"end":{"line":3,"column":35}},"loc":{"start":{"line":3,"column":48},"end":{"line":15,"column":1}}},"1":{"name":"formatDateTime","decl":{"start":{"line":18,"column":16},"end":{"line":18,"column":30}},"loc":{"start":{"line":18,"column":44},"end":{"line":38,"column":3}}}},"branchMap":{"0":{"loc":{"start":{"line":25,"column":4},"end":{"line":37,"column":5}},"type":"if","locations":[{"start":{"line":25,"column":4},"end":{"line":37,"column":5}},{"start":{"line":31,"column":11},"end":{"line":37,"column":5}}]}},"s":{"0":0,"1":0,"2":0,"3":0,"4":0,"5":0,"6":0,"7":0,"8":0,"9":0,"10":0,"11":0},"f":{"0":0,"1":0},"b":{"0":[0,0]}}
,"C:\\Users\\dmhb1\\_PROGRAMACION\\Tags!\\client\\src\\components\\AllChatComponent.tsx": {"path":"C:\\Users\\dmhb1\\_PROGRAMACION\\Tags!\\client\\src\\components\\AllChatComponent.tsx","statementMap":{"0":{"start":{"line":11,"column":0},"end":{"line":11,"column":24}},"1":{"start":{"line":1,"column":0},"end":{"line":1,"column":47}},"2":{"start":{"line":3,"column":0},"end":{"line":3,"column":47}},"3":{"start":{"line":4,"column":0},"end":{"line":4,"column":44}},"4":{"start":{"line":5,"column":0},"end":{"line":5,"column":49}},"5":{"start":{"line":12,"column":30},"end":{"line":12,"column":40}},"6":{"start":{"line":13,"column":19},"end":{"line":13,"column":30}},"7":{"start":{"line":14,"column":32},"end":{"line":14,"column":55}},"8":{"start":{"line":15,"column":19},"end":{"line":15,"column":32}},"9":{"start":{"line":17,"column":2},"end":{"line":21,"column":17}},"10":{"start":{"line":18,"column":4},"end":{"line":20,"column":5}},"11":{"start":{"line":19,"column":6},"end":{"line":19,"column":24}},"12":{"start":{"line":23,"column":2},"end":{"line":25,"column":3}},"13":{"start":{"line":24,"column":4},"end":{"line":24,"column":59}},"14":{"start":{"line":27,"column":2},"end":{"line":87,"column":4}},"15":{"start":{"line":30,"column":8},"end":{"line":31,"column":null}},"16":{"start":{"line":37,"column":14},"end":{"line":37,"column":42}},"17":{"start":{"line":38,"column":14},"end":{"line":38,"column":46}},"18":{"start":{"line":65,"column":12},"end":{"line":65,"column":31}},"19":{"start":{"line":68,"column":18},"end":{"line":68,"column":47}}},"fnMap":{"0":{"name":"AllChatComponent","decl":{"start":{"line":11,"column":24},"end":{"line":11,"column":40}},"loc":{"start":{"line":11,"column":71},"end":{"line":88,"column":1}}},"1":{"name":"(anonymous_1)","decl":{"start":{"line":17,"column":12},"end":{"line":17,"column":15}},"loc":{"start":{"line":17,"column":17},"end":{"line":21,"column":3}}},"2":{"name":"(anonymous_2)","decl":{"start":{"line":29,"column":21},"end":{"line":29,"column":22}},"loc":{"start":{"line":30,"column":8},"end":{"line":31,"column":null}}},"3":{"name":"(anonymous_3)","decl":{"start":{"line":36,"column":21},"end":{"line":36,"column":24}},"loc":{"start":{"line":36,"column":26},"end":{"line":39,"column":13}}},"4":{"name":"(anonymous_4)","decl":{"start":{"line":64,"column":24},"end":{"line":64,"column":25}},"loc":{"start":{"line":65,"column":12},"end":{"line":65,"column":31}}},"5":{"name":"(anonymous_5)","decl":{"start":{"line":67,"column":25},"end":{"line":67,"column":28}},"loc":{"start":{"line":67,"column":30},"end":{"line":69,"column":17}}}},"branchMap":{"0":{"loc":{"start":{"line":18,"column":4},"end":{"line":20,"column":5}},"type":"if","locations":[{"start":{"line":18,"column":4},"end":{"line":20,"column":5}}]},"1":{"loc":{"start":{"line":18,"column":8},"end":{"line":18,"column":39}},"type":"binary-expr","locations":[{"start":{"line":18,"column":8},"end":{"line":18,"column":16}},{"start":{"line":18,"column":20},"end":{"line":18,"column":39}}]},"2":{"loc":{"start":{"line":23,"column":2},"end":{"line":25,"column":3}},"type":"if","locations":[{"start":{"line":23,"column":2},"end":{"line":25,"column":3}}]},"3":{"loc":{"start":{"line":42,"column":13},"end":{"line":57,"column":null}},"type":"cond-expr","locations":[{"start":{"line":43,"column":14},"end":{"line":46,"column":null}},{"start":{"line":49,"column":14},"end":{"line":56,"column":null}}]},"4":{"loc":{"start":{"line":52,"column":18},"end":{"line":54,"column":50}},"type":"cond-expr","locations":[{"start":{"line":53,"column":22},"end":{"line":53,"column":53}},{"start":{"line":54,"column":22},"end":{"line":54,"column":50}}]},"5":{"loc":{"start":{"line":73,"column":19},"end":{"line":75,"column":41}},"type":"cond-expr","locations":[{"start":{"line":74,"column":22},"end":{"line":74,"column":44}},{"start":{"line":75,"column":22},"end":{"line":75,"column":41}}]}},"s":{"0":0,"1":0,"2":0,"3":0,"4":0,"5":0,"6":0,"7":0,"8":0,"9":0,"10":0,"11":0,"12":0,"13":0,"14":0,"15":0,"16":0,"17":0,"18":0,"19":0},"f":{"0":0,"1":0,"2":0,"3":0,"4":0,"5":0},"b":{"0":[0],"1":[0,0],"2":[0],"3":[0,0],"4":[0,0],"5":[0,0]}}
,"C:\\Users\\dmhb1\\_PROGRAMACION\\Tags!\\client\\src\\components\\ChatComponent.tsx": {"path":"C:\\Users\\dmhb1\\_PROGRAMACION\\Tags!\\client\\src\\components\\ChatComponent.tsx","statementMap":{"0":{"start":{"line":10,"column":0},"end":{"line":10,"column":24}},"1":{"start":{"line":1,"column":0},"end":{"line":1,"column":52}},"2":{"start":{"line":3,"column":0},"end":{"line":3,"column":61}},"3":{"start":{"line":4,"column":0},"end":{"line":4,"column":49}},"4":{"start":{"line":5,"column":0},"end":{"line":5,"column":36}},"5":{"start":{"line":6,"column":0},"end":{"line":6,"column":49}},"6":{"start":{"line":7,"column":0},"end":{"line":7,"column":45}},"7":{"start":{"line":11,"column":27},"end":{"line":11,"column":37}},"8":{"start":{"line":12,"column":41},"end":{"line":12,"column":52}},"9":{"start":{"line":13,"column":19},"end":{"line":13,"column":30}},"10":{"start":{"line":14,"column":17},"end":{"line":14,"column":28}},"11":{"start":{"line":16,"column":32},"end":{"line":16,"column":52}},"12":{"start":{"line":17,"column":34},"end":{"line":17,"column":66}},"13":{"start":{"line":19,"column":25},"end":{"line":19,"column":60}},"14":{"start":{"line":21,"column":2},"end":{"line":23,"column":17}},"15":{"start":{"line":22,"column":4},"end":{"line":22,"column":67}},"16":{"start":{"line":25,"column":2},"end":{"line":38,"column":24}},"17":{"start":{"line":26,"column":4},"end":{"line":26,"column":20}},"18":{"start":{"line":26,"column":13},"end":{"line":26,"column":20}},"19":{"start":{"line":27,"column":22},"end":{"line":33,"column":5}},"20":{"start":{"line":28,"column":6},"end":{"line":28,"column":28}},"21":{"start":{"line":29,"column":26},"end":{"line":29,"column":58}},"22":{"start":{"line":30,"column":6},"end":{"line":32,"column":7}},"23":{"start":{"line":31,"column":8},"end":{"line":31,"column":42}},"24":{"start":{"line":34,"column":4},"end":{"line":34,"column":16}},"25":{"start":{"line":35,"column":21},"end":{"line":35,"column":49}},"26":{"start":{"line":37,"column":4},"end":{"line":37,"column":41}},"27":{"start":{"line":37,"column":17},"end":{"line":37,"column":40}},"28":{"start":{"line":40,"column":2},"end":{"line":47,"column":null}},"29":{"start":{"line":41,"column":4},"end":{"line":46,"column":null}},"30":{"start":{"line":49,"column":28},"end":{"line":77,"column":3}},"31":{"start":{"line":50,"column":4},"end":{"line":50,"column":23}},"32":{"start":{"line":51,"column":4},"end":{"line":51,"column":44}},"33":{"start":{"line":51,"column":37},"end":{"line":51,"column":44}},"34":{"start":{"line":53,"column":32},"end":{"line":64,"column":6}},"35":{"start":{"line":66,"column":4},"end":{"line":71,"column":8}},"36":{"start":{"line":66,"column":48},"end":{"line":71,"column":6}},"37":{"start":{"line":73,"column":4},"end":{"line":73,"column":73}},"38":{"start":{"line":73,"column":27},"end":{"line":73,"column":70}},"39":{"start":{"line":75,"column":4},"end":{"line":75,"column":19}},"40":{"start":{"line":76,"column":4},"end":{"line":76,"column":48}},"41":{"start":{"line":79,"column":2},"end":{"line":81,"column":3}},"42":{"start":{"line":80,"column":4},"end":{"line":80,"column":73}},"43":{"start":{"line":83,"column":2},"end":{"line":131,"column":4}},"44":{"start":{"line":100,"column":14},"end":{"line":106,"column":null}},"45":{"start":{"line":122,"column":29},"end":{"line":122,"column":55}}},"fnMap":{"0":{"name":"ChatComponent","decl":{"start":{"line":10,"column":24},"end":{"line":10,"column":37}},"loc":{"start":{"line":10,"column":37},"end":{"line":132,"column":1}}},"1":{"name":"(anonymous_1)","decl":{"start":{"line":21,"column":12},"end":{"line":21,"column":15}},"loc":{"start":{"line":21,"column":17},"end":{"line":23,"column":3}}},"2":{"name":"(anonymous_2)","decl":{"start":{"line":25,"column":12},"end":{"line":25,"column":15}},"loc":{"start":{"line":25,"column":17},"end":{"line":38,"column":3}}},"3":{"name":"(anonymous_3)","decl":{"start":{"line":27,"column":22},"end":{"line":27,"column":27}},"loc":{"start":{"line":27,"column":33},"end":{"line":33,"column":5}}},"4":{"name":"(anonymous_4)","decl":{"start":{"line":37,"column":11},"end":{"line":37,"column":14}},"loc":{"start":{"line":37,"column":17},"end":{"line":37,"column":40}}},"5":{"name":"(anonymous_5)","decl":{"start":{"line":40,"column":12},"end":{"line":40,"column":14}},"loc":{"start":{"line":40,"column":16},"end":{"line":47,"column":3}}},"6":{"name":"(anonymous_6)","decl":{"start":{"line":49,"column":28},"end":{"line":49,"column":33}},"loc":{"start":{"line":49,"column":57},"end":{"line":77,"column":3}}},"7":{"name":"(anonymous_7)","decl":{"start":{"line":66,"column":22},"end":{"line":66,"column":23}},"loc":{"start":{"line":66,"column":48},"end":{"line":71,"column":6}}},"8":{"name":"(anonymous_8)","decl":{"start":{"line":73,"column":16},"end":{"line":73,"column":17}},"loc":{"start":{"line":73,"column":27},"end":{"line":73,"column":70}}},"9":{"name":"(anonymous_9)","decl":{"start":{"line":99,"column":25},"end":{"line":99,"column":26}},"loc":{"start":{"line":100,"column":14},"end":{"line":106,"column":null}}},"10":{"name":"(anonymous_10)","decl":{"start":{"line":122,"column":22},"end":{"line":122,"column":23}},"loc":{"start":{"line":122,"column":29},"end":{"line":122,"column":55}}}},"branchMap":{"0":{"loc":{"start":{"line":26,"column":4},"end":{"line":26,"column":20}},"type":"if","locations":[{"start":{"line":26,"column":4},"end":{"line":26,"column":20}}]},"1":{"loc":{"start":{"line":30,"column":6},"end":{"line":32,"column":7}},"type":"if","locations":[{"start":{"line":30,"column":6},"end":{"line":32,"column":7}}]},"2":{"loc":{"start":{"line":51,"column":4},"end":{"line":51,"column":44}},"type":"if","locations":[{"start":{"line":51,"column":4},"end":{"line":51,"column":44}}]},"3":{"loc":{"start":{"line":73,"column":27},"end":{"line":73,"column":70}},"type":"cond-expr","locations":[{"start":{"line":73,"column":34},"end":{"line":73,"column":55}},{"start":{"line":73,"column":58},"end":{"line":73,"column":70}}]},"4":{"loc":{"start":{"line":79,"column":2},"end":{"line":81,"column":3}},"type":"if","locations":[{"start":{"line":79,"column":2},"end":{"line":81,"column":3}}]},"5":{"loc":{"start":{"line":98,"column":11},"end":{"line":112,"column":14}},"type":"binary-expr","locations":[{"start":{"line":98,"column":11},"end":{"line":98,"column":19}},{"start":{"line":99,"column":12},"end":{"line":112,"column":14}}]},"6":{"loc":{"start":{"line":100,"column":14},"end":{"line":106,"column":null}},"type":"binary-expr","locations":[{"start":{"line":100,"column":14},"end":{"line":100,"column":25}},{"start":{"line":100,"column":29},"end":{"line":106,"column":null}}]},"7":{"loc":{"start":{"line":102,"column":18},"end":{"line":104,"column":null}},"type":"cond-expr","locations":[{"start":{"line":103,"column":22},"end":{"line":103,"column":56}},{"start":{"line":104,"column":22},"end":{"line":104,"column":null}}]}},"s":{"0":0,"1":0,"2":0,"3":0,"4":0,"5":0,"6":0,"7":0,"8":0,"9":0,"10":0,"11":0,"12":0,"13":0,"14":0,"15":0,"16":0,"17":0,"18":0,"19":0,"20":0,"21":0,"22":0,"23":0,"24":0,"25":0,"26":0,"27":0,"28":0,"29":0,"30":0,"31":0,"32":0,"33":0,"34":0,"35":0,"36":0,"37":0,"38":0,"39":0,"40":0,"41":0,"42":0,"43":0,"44":0,"45":0},"f":{"0":0,"1":0,"2":0,"3":0,"4":0,"5":0,"6":0,"7":0,"8":0,"9":0,"10":0},"b":{"0":[0],"1":[0],"2":[0],"3":[0,0],"4":[0],"5":[0,0],"6":[0,0],"7":[0,0]}}
,"C:\\Users\\dmhb1\\_PROGRAMACION\\Tags!\\client\\src\\components\\ChatListComponent.tsx": {"path":"C:\\Users\\dmhb1\\_PROGRAMACION\\Tags!\\client\\src\\components\\ChatListComponent.tsx","statementMap":{"0":{"start":{"line":12,"column":0},"end":{"line":12,"column":24}},"1":{"start":{"line":1,"column":0},"end":{"line":1,"column":47}},"2":{"start":{"line":2,"column":0},"end":{"line":2,"column":47}},"3":{"start":{"line":3,"column":0},"end":{"line":3,"column":49}},"4":{"start":{"line":5,"column":0},"end":{"line":5,"column":73}},"5":{"start":{"line":13,"column":19},"end":{"line":13,"column":30}},"6":{"start":{"line":14,"column":43},"end":{"line":14,"column":53}},"7":{"start":{"line":15,"column":19},"end":{"line":15,"column":32}},"8":{"start":{"line":16,"column":2},"end":{"line":16,"column":null}},"9":{"start":{"line":18,"column":2},"end":{"line":96,"column":4}},"10":{"start":{"line":22,"column":10},"end":{"line":23,"column":null}},"11":{"start":{"line":29,"column":16},"end":{"line":29,"column":44}},"12":{"start":{"line":30,"column":16},"end":{"line":30,"column":48}},"13":{"start":{"line":52,"column":16},"end":{"line":53,"column":null}},"14":{"start":{"line":65,"column":24},"end":{"line":65,"column":null}},"15":{"start":{"line":66,"column":24},"end":{"line":66,"column":69}},"16":{"start":{"line":71,"column":20},"end":{"line":71,"column":49}}},"fnMap":{"0":{"name":"ChatListComponent","decl":{"start":{"line":12,"column":24},"end":{"line":12,"column":41}},"loc":{"start":{"line":12,"column":69},"end":{"line":97,"column":1}}},"1":{"name":"(anonymous_1)","decl":{"start":{"line":21,"column":19},"end":{"line":21,"column":20}},"loc":{"start":{"line":22,"column":10},"end":{"line":23,"column":null}}},"2":{"name":"(anonymous_2)","decl":{"start":{"line":28,"column":23},"end":{"line":28,"column":26}},"loc":{"start":{"line":28,"column":28},"end":{"line":31,"column":15}}},"3":{"name":"(anonymous_3)","decl":{"start":{"line":51,"column":28},"end":{"line":51,"column":29}},"loc":{"start":{"line":52,"column":16},"end":{"line":53,"column":null}}},"4":{"name":"(anonymous_4)","decl":{"start":{"line":64,"column":29},"end":{"line":64,"column":32}},"loc":{"start":{"line":64,"column":34},"end":{"line":67,"column":23}}},"5":{"name":"(anonymous_5)","decl":{"start":{"line":70,"column":27},"end":{"line":70,"column":30}},"loc":{"start":{"line":70,"column":32},"end":{"line":72,"column":19}}}},"branchMap":{"0":{"loc":{"start":{"line":20,"column":7},"end":{"line":93,"column":null}},"type":"cond-expr","locations":[{"start":{"line":21,"column":8},"end":{"line":91,"column":10}},{"start":{"line":93,"column":8},"end":{"line":93,"column":34}}]},"1":{"loc":{"start":{"line":20,"column":7},"end":{"line":20,"column":32}},"type":"binary-expr","locations":[{"start":{"line":20,"column":7},"end":{"line":20,"column":12}},{"start":{"line":20,"column":16},"end":{"line":20,"column":32}}]},"2":{"loc":{"start":{"line":37,"column":18},"end":{"line":39,"column":62}},"type":"cond-expr","locations":[{"start":{"line":38,"column":22},"end":{"line":38,"column":37}},{"start":{"line":39,"column":22},"end":{"line":39,"column":62}}]},"3":{"loc":{"start":{"line":59,"column":22},"end":{"line":61,"column":47}},"type":"cond-expr","locations":[{"start":{"line":60,"column":26},"end":{"line":60,"column":50}},{"start":{"line":61,"column":26},"end":{"line":61,"column":47}}]},"4":{"loc":{"start":{"line":77,"column":25},"end":{"line":79,"column":47}},"type":"cond-expr","locations":[{"start":{"line":78,"column":28},"end":{"line":78,"column":50}},{"start":{"line":79,"column":28},"end":{"line":79,"column":47}}]}},"s":{"0":0,"1":0,"2":0,"3":0,"4":0,"5":0,"6":0,"7":0,"8":0,"9":0,"10":0,"11":0,"12":0,"13":0,"14":0,"15":0,"16":0},"f":{"0":0,"1":0,"2":0,"3":0,"4":0,"5":0},"b":{"0":[0,0],"1":[0,0],"2":[0,0],"3":[0,0],"4":[0,0]}}
,"C:\\Users\\dmhb1\\_PROGRAMACION\\Tags!\\client\\src\\components\\CircularProgressbar.tsx": {"path":"C:\\Users\\dmhb1\\_PROGRAMACION\\Tags!\\client\\src\\components\\CircularProgressbar.tsx","statementMap":{"0":{"start":{"line":9,"column":0},"end":{"line":9,"column":24}},"1":{"start":{"line":1,"column":0},"end":{"line":1,"column":78}},"2":{"start":{"line":2,"column":0},"end":{"line":2,"column":52}},"3":{"start":{"line":12,"column":34},"end":{"line":12,"column":42}},"4":{"start":{"line":14,"column":2},"end":{"line":25,"column":4}}},"fnMap":{"0":{"name":"CircularProgressbarComp","decl":{"start":{"line":9,"column":24},"end":{"line":9,"column":47}},"loc":{"start":{"line":11,"column":27},"end":{"line":26,"column":1}}}},"branchMap":{"0":{"loc":{"start":{"line":18,"column":19},"end":{"line":18,"column":55}},"type":"cond-expr","locations":[{"start":{"line":18,"column":34},"end":{"line":18,"column":43}},{"start":{"line":18,"column":46},"end":{"line":18,"column":55}}]}},"s":{"0":0,"1":0,"2":0,"3":0,"4":0},"f":{"0":0},"b":{"0":[0,0]}}
,"C:\\Users\\dmhb1\\_PROGRAMACION\\Tags!\\client\\src\\components\\Error.tsx": {"path":"C:\\Users\\dmhb1\\_PROGRAMACION\\Tags!\\client\\src\\components\\Error.tsx","statementMap":{"0":{"start":{"line":2,"column":0},"end":{"line":2,"column":24}},"1":{"start":{"line":3,"column":2},"end":{"line":3,"column":77}}},"fnMap":{"0":{"name":"Error","decl":{"start":{"line":2,"column":24},"end":{"line":2,"column":29}},"loc":{"start":{"line":2,"column":73},"end":{"line":4,"column":1}}}},"branchMap":{},"s":{"0":0,"1":0},"f":{"0":0},"b":{}}
,"C:\\Users\\dmhb1\\_PROGRAMACION\\Tags!\\client\\src\\components\\PopUpPost.tsx": {"path":"C:\\Users\\dmhb1\\_PROGRAMACION\\Tags!\\client\\src\\components\\PopUpPost.tsx","statementMap":{"0":{"start":{"line":13,"column":0},"end":{"line":13,"column":24}},"1":{"start":{"line":2,"column":0},"end":{"line":2,"column":47}},"2":{"start":{"line":4,"column":0},"end":{"line":4,"column":47}},"3":{"start":{"line":5,"column":0},"end":{"line":5,"column":49}},"4":{"start":{"line":6,"column":0},"end":{"line":6,"column":52}},"5":{"start":{"line":14,"column":44},"end":{"line":14,"column":54}},"6":{"start":{"line":15,"column":19},"end":{"line":15,"column":30}},"7":{"start":{"line":16,"column":19},"end":{"line":16,"column":32}},"8":{"start":{"line":17,"column":22},"end":{"line":17,"column":30}},"9":{"start":{"line":19,"column":16},"end":{"line":19,"column":74}},"10":{"start":{"line":19,"column":43},"end":{"line":19,"column":69}},"11":{"start":{"line":20,"column":18},"end":{"line":20,"column":23}},"12":{"start":{"line":23,"column":2},"end":{"line":64,"column":4}},"13":{"start":{"line":56,"column":12},"end":{"line":56,"column":37}},"14":{"start":{"line":57,"column":12},"end":{"line":57,"column":41}}},"fnMap":{"0":{"name":"PopUpPost","decl":{"start":{"line":13,"column":24},"end":{"line":13,"column":33}},"loc":{"start":{"line":13,"column":68},"end":{"line":65,"column":1}}},"1":{"name":"(anonymous_1)","decl":{"start":{"line":19,"column":35},"end":{"line":19,"column":36}},"loc":{"start":{"line":19,"column":43},"end":{"line":19,"column":69}}},"2":{"name":"(anonymous_2)","decl":{"start":{"line":55,"column":19},"end":{"line":55,"column":22}},"loc":{"start":{"line":55,"column":24},"end":{"line":58,"column":11}}}},"branchMap":{"0":{"loc":{"start":{"line":29,"column":12},"end":{"line":31,"column":47}},"type":"cond-expr","locations":[{"start":{"line":30,"column":16},"end":{"line":30,"column":28}},{"start":{"line":31,"column":16},"end":{"line":31,"column":47}}]},"1":{"loc":{"start":{"line":52,"column":7},"end":{"line":61,"column":null}},"type":"binary-expr","locations":[{"start":{"line":52,"column":7},"end":{"line":52,"column":11}},{"start":{"line":52,"column":15},"end":{"line":52,"column":27}},{"start":{"line":53,"column":8},"end":{"line":58,"column":null}}]}},"s":{"0":0,"1":0,"2":0,"3":0,"4":0,"5":0,"6":0,"7":0,"8":0,"9":0,"10":0,"11":0,"12":0,"13":0,"14":0},"f":{"0":0,"1":0,"2":0},"b":{"0":[0,0],"1":[0,0,0]}}
,"C:\\Users\\dmhb1\\_PROGRAMACION\\Tags!\\client\\src\\components\\PostComponent.tsx": {"path":"C:\\Users\\dmhb1\\_PROGRAMACION\\Tags!\\client\\src\\components\\PostComponent.tsx","statementMap":{"0":{"start":{"line":18,"column":0},"end":{"line":18,"column":24}},"1":{"start":{"line":1,"column":0},"end":{"line":1,"column":44}},"2":{"start":{"line":4,"column":0},"end":{"line":4,"column":76}},"3":{"start":{"line":5,"column":0},"end":{"line":5,"column":49}},"4":{"start":{"line":6,"column":0},"end":{"line":6,"column":66}},"5":{"start":{"line":7,"column":0},"end":{"line":7,"column":47}},"6":{"start":{"line":8,"column":0},"end":{"line":8,"column":47}},"7":{"start":{"line":9,"column":0},"end":{"line":9,"column":49}},"8":{"start":{"line":10,"column":0},"end":{"line":10,"column":64}},"9":{"start":{"line":11,"column":0},"end":{"line":11,"column":52}},"10":{"start":{"line":19,"column":44},"end":{"line":19,"column":54}},"11":{"start":{"line":20,"column":19},"end":{"line":20,"column":30}},"12":{"start":{"line":21,"column":27},"end":{"line":21,"column":38}},"13":{"start":{"line":22,"column":40},"end":{"line":22,"column":55}},"14":{"start":{"line":23,"column":34},"end":{"line":24,"column":null}},"15":{"start":{"line":24,"column":4},"end":{"line":24,"column":53}},"16":{"start":{"line":27,"column":19},"end":{"line":27,"column":32}},"17":{"start":{"line":29,"column":2},"end":{"line":44,"column":17}},"18":{"start":{"line":31,"column":4},"end":{"line":42,"column":5}},"19":{"start":{"line":32,"column":6},"end":{"line":41,"column":7}},"20":{"start":{"line":33,"column":8},"end":{"line":33,"column":23}},"21":{"start":{"line":35,"column":25},"end":{"line":39,"column":17}},"22":{"start":{"line":36,"column":10},"end":{"line":38,"column":11}},"23":{"start":{"line":37,"column":12},"end":{"line":37,"column":75}},"24":{"start":{"line":40,"column":8},"end":{"line":40,"column":45}},"25":{"start":{"line":40,"column":21},"end":{"line":40,"column":44}},"26":{"start":{"line":46,"column":2},"end":{"line":130,"column":4}},"27":{"start":{"line":59,"column":24},"end":{"line":59,"column":44}},"28":{"start":{"line":68,"column":14},"end":{"line":68,"column":39}},"29":{"start":{"line":69,"column":14},"end":{"line":69,"column":43}}},"fnMap":{"0":{"name":"PostComponent","decl":{"start":{"line":18,"column":24},"end":{"line":18,"column":37}},"loc":{"start":{"line":18,"column":66},"end":{"line":131,"column":1}}},"1":{"name":"(anonymous_2)","decl":{"start":{"line":23,"column":53},"end":{"line":23,"column":56}},"loc":{"start":{"line":24,"column":4},"end":{"line":24,"column":53}}},"2":{"name":"(anonymous_3)","decl":{"start":{"line":29,"column":12},"end":{"line":29,"column":15}},"loc":{"start":{"line":29,"column":17},"end":{"line":44,"column":3}}},"3":{"name":"(anonymous_4)","decl":{"start":{"line":35,"column":37},"end":{"line":35,"column":40}},"loc":{"start":{"line":35,"column":42},"end":{"line":39,"column":9}}},"4":{"name":"(anonymous_5)","decl":{"start":{"line":40,"column":15},"end":{"line":40,"column":18}},"loc":{"start":{"line":40,"column":21},"end":{"line":40,"column":44}}},"5":{"name":"(anonymous_6)","decl":{"start":{"line":59,"column":18},"end":{"line":59,"column":21}},"loc":{"start":{"line":59,"column":24},"end":{"line":59,"column":44}}},"6":{"name":"(anonymous_7)","decl":{"start":{"line":67,"column":21},"end":{"line":67,"column":24}},"loc":{"start":{"line":67,"column":26},"end":{"line":70,"column":13}}}},"branchMap":{"0":{"loc":{"start":{"line":31,"column":4},"end":{"line":42,"column":5}},"type":"if","locations":[{"start":{"line":31,"column":4},"end":{"line":42,"column":5}}]},"1":{"loc":{"start":{"line":32,"column":6},"end":{"line":41,"column":7}},"type":"if","locations":[{"start":{"line":32,"column":6},"end":{"line":41,"column":7}},{"start":{"line":34,"column":13},"end":{"line":41,"column":7}}]},"2":{"loc":{"start":{"line":36,"column":10},"end":{"line":38,"column":11}},"type":"if","locations":[{"start":{"line":36,"column":10},"end":{"line":38,"column":11}}]},"3":{"loc":{"start":{"line":53,"column":18},"end":{"line":53,"column":61}},"type":"cond-expr","locations":[{"start":{"line":53,"column":32},"end":{"line":53,"column":46}},{"start":{"line":53,"column":49},"end":{"line":53,"column":61}}]},"4":{"loc":{"start":{"line":54,"column":18},"end":{"line":54,"column":58}},"type":"cond-expr","locations":[{"start":{"line":54,"column":33},"end":{"line":54,"column":44}},{"start":{"line":54,"column":47},"end":{"line":54,"column":58}}]},"5":{"loc":{"start":{"line":56,"column":12},"end":{"line":56,"column":79}},"type":"cond-expr","locations":[{"start":{"line":56,"column":27},"end":{"line":56,"column":39}},{"start":{"line":56,"column":42},"end":{"line":56,"column":79}}]},"6":{"loc":{"start":{"line":75,"column":16},"end":{"line":75,"column":null}},"type":"cond-expr","locations":[{"start":{"line":75,"column":32},"end":{"line":75,"column":46}},{"start":{"line":75,"column":49},"end":{"line":75,"column":null}}]},"7":{"loc":{"start":{"line":85,"column":9},"end":{"line":89,"column":null}},"type":"binary-expr","locations":[{"start":{"line":85,"column":9},"end":{"line":85,"column":22}},{"start":{"line":86,"column":10},"end":{"line":88,"column":null}}]},"8":{"loc":{"start":{"line":91,"column":9},"end":{"line":97,"column":null}},"type":"binary-expr","locations":[{"start":{"line":91,"column":9},"end":{"line":91,"column":23}},{"start":{"line":92,"column":10},"end":{"line":96,"column":null}}]},"9":{"loc":{"start":{"line":95,"column":15},"end":{"line":95,"column":60}},"type":"binary-expr","locations":[{"start":{"line":95,"column":15},"end":{"line":95,"column":19}},{"start":{"line":95,"column":23},"end":{"line":95,"column":60}}]},"10":{"loc":{"start":{"line":99,"column":9},"end":{"line":103,"column":null}},"type":"cond-expr","locations":[{"start":{"line":99,"column":34},"end":{"line":99,"column":38}},{"start":{"line":100,"column":10},"end":{"line":102,"column":null}}]}},"s":{"0":0,"1":0,"2":0,"3":0,"4":0,"5":0,"6":0,"7":0,"8":0,"9":0,"10":0,"11":0,"12":0,"13":0,"14":0,"15":0,"16":0,"17":0,"18":0,"19":0,"20":0,"21":0,"22":0,"23":0,"24":0,"25":0,"26":0,"27":0,"28":0,"29":0},"f":{"0":0,"1":0,"2":0,"3":0,"4":0,"5":0,"6":0},"b":{"0":[0],"1":[0,0],"2":[0],"3":[0,0],"4":[0,0],"5":[0,0],"6":[0,0],"7":[0,0],"8":[0,0],"9":[0,0],"10":[0,0]}}
,"C:\\Users\\dmhb1\\_PROGRAMACION\\Tags!\\client\\src\\components\\PostMarker.tsx": {"path":"C:\\Users\\dmhb1\\_PROGRAMACION\\Tags!\\client\\src\\components\\PostMarker.tsx","statementMap":{"0":{"start":{"line":17,"column":0},"end":{"line":17,"column":24}},"1":{"start":{"line":1,"column":0},"end":{"line":1,"column":44}},"2":{"start":{"line":2,"column":0},"end":{"line":2,"column":46}},"3":{"start":{"line":3,"column":0},"end":{"line":3,"column":46}},"4":{"start":{"line":4,"column":0},"end":{"line":4,"column":24}},"5":{"start":{"line":5,"column":0},"end":{"line":5,"column":47}},"6":{"start":{"line":7,"column":0},"end":{"line":7,"column":36}},"7":{"start":{"line":8,"column":0},"end":{"line":8,"column":76}},"8":{"start":{"line":9,"column":0},"end":{"line":9,"column":60}},"9":{"start":{"line":18,"column":26},"end":{"line":18,"column":36}},"10":{"start":{"line":20,"column":32},"end":{"line":20,"column":55}},"11":{"start":{"line":22,"column":34},"end":{"line":23,"column":null}},"12":{"start":{"line":23,"column":4},"end":{"line":23,"column":53}},"13":{"start":{"line":27,"column":21},"end":{"line":43,"column":4}},"14":{"start":{"line":45,"column":2},"end":{"line":56,"column":17}},"15":{"start":{"line":46,"column":4},"end":{"line":53,"column":5}},"16":{"start":{"line":47,"column":6},"end":{"line":47,"column":24}},"17":{"start":{"line":49,"column":23},"end":{"line":51,"column":14}},"18":{"start":{"line":50,"column":8},"end":{"line":50,"column":71}},"19":{"start":{"line":52,"column":6},"end":{"line":52,"column":43}},"20":{"start":{"line":52,"column":19},"end":{"line":52,"column":42}},"21":{"start":{"line":58,"column":2},"end":{"line":75,"column":4}},"22":{"start":{"line":63,"column":11},"end":{"line":63,"column":42}}},"fnMap":{"0":{"name":"PostMarker","decl":{"start":{"line":17,"column":24},"end":{"line":17,"column":34}},"loc":{"start":{"line":17,"column":69},"end":{"line":76,"column":1}}},"1":{"name":"(anonymous_2)","decl":{"start":{"line":22,"column":53},"end":{"line":22,"column":56}},"loc":{"start":{"line":23,"column":4},"end":{"line":23,"column":53}}},"2":{"name":"(anonymous_3)","decl":{"start":{"line":45,"column":12},"end":{"line":45,"column":15}},"loc":{"start":{"line":45,"column":17},"end":{"line":56,"column":3}}},"3":{"name":"(anonymous_4)","decl":{"start":{"line":49,"column":35},"end":{"line":49,"column":38}},"loc":{"start":{"line":49,"column":40},"end":{"line":51,"column":7}}},"4":{"name":"(anonymous_5)","decl":{"start":{"line":52,"column":13},"end":{"line":52,"column":16}},"loc":{"start":{"line":52,"column":19},"end":{"line":52,"column":42}}},"5":{"name":"(anonymous_6)","decl":{"start":{"line":62,"column":17},"end":{"line":62,"column":22}},"loc":{"start":{"line":62,"column":28},"end":{"line":65,"column":11}}}},"branchMap":{"0":{"loc":{"start":{"line":33,"column":12},"end":{"line":33,"column":null}},"type":"cond-expr","locations":[{"start":{"line":33,"column":22},"end":{"line":33,"column":38}},{"start":{"line":33,"column":41},"end":{"line":33,"column":null}}]},"1":{"loc":{"start":{"line":46,"column":4},"end":{"line":53,"column":5}},"type":"if","locations":[{"start":{"line":46,"column":4},"end":{"line":53,"column":5}},{"start":{"line":48,"column":11},"end":{"line":53,"column":5}}]},"2":{"loc":{"start":{"line":59,"column":4},"end":{"line":73,"column":null}},"type":"binary-expr","locations":[{"start":{"line":59,"column":4},"end":{"line":59,"column":11}},{"start":{"line":60,"column":6},"end":{"line":72,"column":null}}]}},"s":{"0":0,"1":0,"2":0,"3":0,"4":0,"5":0,"6":0,"7":0,"8":0,"9":0,"10":0,"11":0,"12":0,"13":0,"14":0,"15":0,"16":0,"17":0,"18":0,"19":0,"20":0,"21":0,"22":0},"f":{"0":0,"1":0,"2":0,"3":0,"4":0,"5":0},"b":{"0":[0,0],"1":[0,0],"2":[0,0]}}
,"C:\\Users\\dmhb1\\_PROGRAMACION\\Tags!\\client\\src\\components\\ProfileHeader.tsx": {"path":"C:\\Users\\dmhb1\\_PROGRAMACION\\Tags!\\client\\src\\components\\ProfileHeader.tsx","statementMap":{"0":{"start":{"line":5,"column":0},"end":{"line":5,"column":24}},"1":{"start":{"line":1,"column":0},"end":{"line":1,"column":66}},"2":{"start":{"line":2,"column":0},"end":{"line":2,"column":47}},"3":{"start":{"line":3,"column":0},"end":{"line":3,"column":49}},"4":{"start":{"line":6,"column":19},"end":{"line":6,"column":30}},"5":{"start":{"line":7,"column":52},"end":{"line":7,"column":62}},"6":{"start":{"line":9,"column":2},"end":{"line":49,"column":4}}},"fnMap":{"0":{"name":"ProfileHeader","decl":{"start":{"line":5,"column":24},"end":{"line":5,"column":37}},"loc":{"start":{"line":5,"column":37},"end":{"line":50,"column":1}}}},"branchMap":{"0":{"loc":{"start":{"line":25,"column":16},"end":{"line":25,"column":null}},"type":"cond-expr","locations":[{"start":{"line":25,"column":37},"end":{"line":25,"column":51}},{"start":{"line":25,"column":54},"end":{"line":25,"column":null}}]},"1":{"loc":{"start":{"line":33,"column":15},"end":{"line":33,"column":60}},"type":"binary-expr","locations":[{"start":{"line":33,"column":15},"end":{"line":33,"column":19}},{"start":{"line":33,"column":23},"end":{"line":33,"column":60}}]},"2":{"loc":{"start":{"line":39,"column":15},"end":{"line":39,"column":63}},"type":"cond-expr","locations":[{"start":{"line":39,"column":35},"end":{"line":39,"column":59}},{"start":{"line":39,"column":62},"end":{"line":39,"column":63}}]}},"s":{"0":0,"1":0,"2":0,"3":0,"4":0,"5":0,"6":0},"f":{"0":0},"b":{"0":[0,0],"1":[0,0],"2":[0,0]}}
,"C:\\Users\\dmhb1\\_PROGRAMACION\\Tags!\\client\\src\\components\\SearchBar.tsx": {"path":"C:\\Users\\dmhb1\\_PROGRAMACION\\Tags!\\client\\src\\components\\SearchBar.tsx","statementMap":{"0":{"start":{"line":9,"column":0},"end":{"line":9,"column":24}},"1":{"start":{"line":1,"column":0},"end":{"line":1,"column":33}},"2":{"start":{"line":2,"column":0},"end":{"line":2,"column":51}},"3":{"start":{"line":10,"column":34},"end":{"line":10,"column":46}},"4":{"start":{"line":12,"column":31},"end":{"line":16,"column":3}},"5":{"start":{"line":13,"column":4},"end":{"line":13,"column":null}},"6":{"start":{"line":14,"column":4},"end":{"line":14,"column":32}},"7":{"start":{"line":15,"column":4},"end":{"line":15,"column":40}},"8":{"start":{"line":18,"column":2},"end":{"line":33,"column":4}},"9":{"start":{"line":26,"column":36},"end":{"line":26,"column":50}},"10":{"start":{"line":27,"column":10},"end":{"line":27,"column":28}}},"fnMap":{"0":{"name":"SearchBar","decl":{"start":{"line":9,"column":24},"end":{"line":9,"column":33}},"loc":{"start":{"line":9,"column":72},"end":{"line":34,"column":1}}},"1":{"name":"(anonymous_1)","decl":{"start":{"line":12,"column":31},"end":{"line":12,"column":32}},"loc":{"start":{"line":12,"column":75},"end":{"line":16,"column":3}}},"2":{"name":"(anonymous_2)","decl":{"start":{"line":26,"column":24},"end":{"line":26,"column":32}},"loc":{"start":{"line":26,"column":36},"end":{"line":26,"column":50}}},"3":{"name":"(anonymous_3)","decl":{"start":{"line":26,"column":56},"end":{"line":26,"column":57}},"loc":{"start":{"line":27,"column":10},"end":{"line":27,"column":28}}}},"branchMap":{},"s":{"0":0,"1":0,"2":0,"3":0,"4":0,"5":0,"6":0,"7":0,"8":0,"9":0,"10":0},"f":{"0":0,"1":0,"2":0,"3":0},"b":{}}
,"C:\\Users\\dmhb1\\_PROGRAMACION\\Tags!\\client\\src\\components\\buttons\\BtnMain.tsx": {"path":"C:\\Users\\dmhb1\\_PROGRAMACION\\Tags!\\client\\src\\components\\buttons\\BtnMain.tsx","statementMap":{"0":{"start":{"line":11,"column":0},"end":{"line":11,"column":24}},"1":{"start":{"line":2,"column":0},"end":{"line":2,"column":43}},"2":{"start":{"line":13,"column":4},"end":{"line":21,"column":11}},"3":{"start":{"line":23,"column":2},"end":{"line":32,"column":4}}},"fnMap":{"0":{"name":"BtnMain","decl":{"start":{"line":11,"column":24},"end":{"line":11,"column":31}},"loc":{"start":{"line":11,"column":84},"end":{"line":33,"column":1}}}},"branchMap":{"0":{"loc":{"start":{"line":13,"column":4},"end":{"line":21,"column":11}},"type":"cond-expr","locations":[{"start":{"line":14,"column":8},"end":{"line":14,"column":90}},{"start":{"line":15,"column":6},"end":{"line":21,"column":11}}]},"1":{"loc":{"start":{"line":15,"column":6},"end":{"line":21,"column":11}},"type":"cond-expr","locations":[{"start":{"line":16,"column":7},"end":{"line":16,"column":93}},{"start":{"line":17,"column":7},"end":{"line":21,"column":11}}]},"2":{"loc":{"start":{"line":17,"column":7},"end":{"line":21,"column":11}},"type":"cond-expr","locations":[{"start":{"line":18,"column":7},"end":{"line":18,"column":65}},{"start":{"line":19,"column":7},"end":{"line":21,"column":11}}]},"3":{"loc":{"start":{"line":19,"column":7},"end":{"line":21,"column":11}},"type":"cond-expr","locations":[{"start":{"line":20,"column":7},"end":{"line":20,"column":64}},{"start":{"line":21,"column":7},"end":{"line":21,"column":11}}]},"4":{"loc":{"start":{"line":26,"column":8},"end":{"line":26,"column":null}},"type":"cond-expr","locations":[{"start":{"line":26,"column":19},"end":{"line":26,"column":53}},{"start":{"line":26,"column":56},"end":{"line":26,"column":null}}]}},"s":{"0":0,"1":0,"2":0,"3":0},"f":{"0":0},"b":{"0":[0,0],"1":[0,0],"2":[0,0],"3":[0,0],"4":[0,0]}}
,"C:\\Users\\dmhb1\\_PROGRAMACION\\Tags!\\client\\src\\components\\buttons\\BtnSmall.tsx": {"path":"C:\\Users\\dmhb1\\_PROGRAMACION\\Tags!\\client\\src\\components\\buttons\\BtnSmall.tsx","statementMap":{"0":{"start":{"line":7,"column":0},"end":{"line":7,"column":24}},"1":{"start":{"line":8,"column":2},"end":{"line":17,"column":4}}},"fnMap":{"0":{"name":"BtnSmall","decl":{"start":{"line":7,"column":24},"end":{"line":7,"column":32}},"loc":{"start":{"line":7,"column":73},"end":{"line":18,"column":1}}}},"branchMap":{"0":{"loc":{"start":{"line":12,"column":8},"end":{"line":12,"column":null}},"type":"cond-expr","locations":[{"start":{"line":12,"column":17},"end":{"line":12,"column":33}},{"start":{"line":12,"column":36},"end":{"line":12,"column":null}}]}},"s":{"0":0,"1":0},"f":{"0":0},"b":{"0":[0,0]}}
,"C:\\Users\\dmhb1\\_PROGRAMACION\\Tags!\\client\\src\\components\\buttons\\FotoUploader.tsx": {"path":"C:\\Users\\dmhb1\\_PROGRAMACION\\Tags!\\client\\src\\components\\buttons\\FotoUploader.tsx","statementMap":{"0":{"start":{"line":11,"column":0},"end":{"line":11,"column":24}},"1":{"start":{"line":1,"column":0},"end":{"line":1,"column":42}},"2":{"start":{"line":2,"column":0},"end":{"line":2,"column":50}},"3":{"start":{"line":3,"column":0},"end":{"line":3,"column":58}},"4":{"start":{"line":4,"column":0},"end":{"line":4,"column":32}},"5":{"start":{"line":13,"column":68},"end":{"line":13,"column":78}},"6":{"start":{"line":14,"column":23},"end":{"line":14,"column":54}},"7":{"start":{"line":16,"column":21},"end":{"line":20,"column":3}},"8":{"start":{"line":17,"column":4},"end":{"line":17,"column":32}},"9":{"start":{"line":17,"column":25},"end":{"line":17,"column":32}},"10":{"start":{"line":18,"column":17},"end":{"line":18,"column":34}},"11":{"start":{"line":19,"column":4},"end":{"line":19,"column":26}},"12":{"start":{"line":23,"column":4},"end":{"line":41,"column":23}},"13":{"start":{"line":24,"column":6},"end":{"line":39,"column":7}},"14":{"start":{"line":25,"column":23},"end":{"line":37,"column":9}},"15":{"start":{"line":26,"column":10},"end":{"line":36,"column":11}},"16":{"start":{"line":27,"column":27},"end":{"line":27,"column":67}},"17":{"start":{"line":28,"column":12},"end":{"line":31,"column":13}},"18":{"start":{"line":29,"column":14},"end":{"line":29,"column":60}},"19":{"start":{"line":30,"column":14},"end":{"line":30,"column":21}},"20":{"start":{"line":32,"column":12},"end":{"line":32,"column":31}},"21":{"start":{"line":34,"column":12},"end":{"line":34,"column":27}},"22":{"start":{"line":35,"column":12},"end":{"line":35,"column":58}},"23":{"start":{"line":38,"column":8},"end":{"line":38,"column":17}},"24":{"start":{"line":43,"column":2},"end":{"line":70,"column":4}},"25":{"start":{"line":55,"column":23},"end":{"line":55,"column":51}}},"fnMap":{"0":{"name":"FotoUploader","decl":{"start":{"line":11,"column":24},"end":{"line":11,"column":36}},"loc":{"start":{"line":11,"column":72},"end":{"line":71,"column":1}}},"1":{"name":"(anonymous_2)","decl":{"start":{"line":16,"column":21},"end":{"line":16,"column":26}},"loc":{"start":{"line":16,"column":70},"end":{"line":20,"column":3}}},"2":{"name":"(anonymous_3)","decl":{"start":{"line":23,"column":14},"end":{"line":23,"column":17}},"loc":{"start":{"line":23,"column":19},"end":{"line":41,"column":5}}},"3":{"name":"(anonymous_4)","decl":{"start":{"line":25,"column":23},"end":{"line":25,"column":28}},"loc":{"start":{"line":25,"column":34},"end":{"line":37,"column":9}}},"4":{"name":"(anonymous_5)","decl":{"start":{"line":55,"column":17},"end":{"line":55,"column":20}},"loc":{"start":{"line":55,"column":23},"end":{"line":55,"column":51}}}},"branchMap":{"0":{"loc":{"start":{"line":17,"column":4},"end":{"line":17,"column":32}},"type":"if","locations":[{"start":{"line":17,"column":4},"end":{"line":17,"column":32}}]},"1":{"loc":{"start":{"line":24,"column":6},"end":{"line":39,"column":7}},"type":"if","locations":[{"start":{"line":24,"column":6},"end":{"line":39,"column":7}}]},"2":{"loc":{"start":{"line":28,"column":12},"end":{"line":31,"column":13}},"type":"if","locations":[{"start":{"line":28,"column":12},"end":{"line":31,"column":13}}]},"3":{"loc":{"start":{"line":60,"column":9},"end":{"line":64,"column":29}},"type":"cond-expr","locations":[{"start":{"line":61,"column":12},"end":{"line":61,"column":14}},{"start":{"line":62,"column":12},"end":{"line":64,"column":29}}]},"4":{"loc":{"start":{"line":62,"column":12},"end":{"line":64,"column":29}},"type":"cond-expr","locations":[{"start":{"line":63,"column":12},"end":{"line":63,"column":17}},{"start":{"line":64,"column":12},"end":{"line":64,"column":29}}]},"5":{"loc":{"start":{"line":62,"column":12},"end":{"line":62,"column":56}},"type":"binary-expr","locations":[{"start":{"line":62,"column":12},"end":{"line":62,"column":24}},{"start":{"line":62,"column":28},"end":{"line":62,"column":56}}]},"6":{"loc":{"start":{"line":67,"column":9},"end":{"line":67,"column":37}},"type":"cond-expr","locations":[{"start":{"line":67,"column":19},"end":{"line":67,"column":30}},{"start":{"line":67,"column":33},"end":{"line":67,"column":37}}]}},"s":{"0":0,"1":0,"2":0,"3":0,"4":0,"5":0,"6":0,"7":0,"8":0,"9":0,"10":0,"11":0,"12":0,"13":0,"14":0,"15":0,"16":0,"17":0,"18":0,"19":0,"20":0,"21":0,"22":0,"23":0,"24":0,"25":0},"f":{"0":0,"1":0,"2":0,"3":0,"4":0},"b":{"0":[0],"1":[0],"2":[0],"3":[0,0],"4":[0,0],"5":[0,0],"6":[0,0]}}
,"C:\\Users\\dmhb1\\_PROGRAMACION\\Tags!\\client\\src\\components\\buttons\\NavBarElement.tsx": {"path":"C:\\Users\\dmhb1\\_PROGRAMACION\\Tags!\\client\\src\\components\\buttons\\NavBarElement.tsx","statementMap":{"0":{"start":{"line":10,"column":0},"end":{"line":10,"column":24}},"1":{"start":{"line":1,"column":0},"end":{"line":1,"column":47}},"2":{"start":{"line":2,"column":0},"end":{"line":2,"column":50}},"3":{"start":{"line":11,"column":38},"end":{"line":11,"column":48}},"4":{"start":{"line":13,"column":19},"end":{"line":13,"column":32}},"5":{"start":{"line":16,"column":4},"end":{"line":19,"column":5}},"6":{"start":{"line":17,"column":6},"end":{"line":17,"column":21}},"7":{"start":{"line":18,"column":6},"end":{"line":18,"column":26}},"8":{"start":{"line":20,"column":4},"end":{"line":20,"column":24}},"9":{"start":{"line":23,"column":2},"end":{"line":34,"column":4}}},"fnMap":{"0":{"name":"NavBarElement","decl":{"start":{"line":10,"column":24},"end":{"line":10,"column":37}},"loc":{"start":{"line":10,"column":77},"end":{"line":35,"column":1}}},"1":{"name":"handleClick","decl":{"start":{"line":15,"column":11},"end":{"line":15,"column":22}},"loc":{"start":{"line":15,"column":22},"end":{"line":21,"column":3}}}},"branchMap":{"0":{"loc":{"start":{"line":16,"column":4},"end":{"line":19,"column":5}},"type":"if","locations":[{"start":{"line":16,"column":4},"end":{"line":19,"column":5}}]},"1":{"loc":{"start":{"line":16,"column":8},"end":{"line":16,"column":67}},"type":"binary-expr","locations":[{"start":{"line":16,"column":9},"end":{"line":16,"column":20}},{"start":{"line":16,"column":24},"end":{"line":16,"column":33}},{"start":{"line":16,"column":39},"end":{"line":16,"column":53}},{"start":{"line":16,"column":57},"end":{"line":16,"column":66}}]},"2":{"loc":{"start":{"line":27,"column":10},"end":{"line":27,"column":null}},"type":"cond-expr","locations":[{"start":{"line":27,"column":24},"end":{"line":27,"column":40}},{"start":{"line":27,"column":43},"end":{"line":27,"column":null}}]}},"s":{"0":0,"1":0,"2":0,"3":0,"4":0,"5":0,"6":0,"7":0,"8":0,"9":0},"f":{"0":0,"1":0},"b":{"0":[0],"1":[0,0,0,0],"2":[0,0]}}
,"C:\\Users\\dmhb1\\_PROGRAMACION\\Tags!\\client\\src\\data\\listUtilities.ts": {"path":"C:\\Users\\dmhb1\\_PROGRAMACION\\Tags!\\client\\src\\data\\listUtilities.ts","statementMap":{"0":{"start":{"line":4,"column":13},"end":{"line":19,"column":2}},"1":{"start":{"line":22,"column":13},"end":{"line":25,"column":2}},"2":{"start":{"line":29,"column":13},"end":{"line":35,"column":null}}},"fnMap":{},"branchMap":{},"s":{"0":0,"1":0,"2":0},"f":{},"b":{}}
,"C:\\Users\\dmhb1\\_PROGRAMACION\\Tags!\\client\\src\\data\\mapUtilities.ts": {"path":"C:\\Users\\dmhb1\\_PROGRAMACION\\Tags!\\client\\src\\data\\mapUtilities.ts","statementMap":{"0":{"start":{"line":2,"column":13},"end":{"line":6,"column":null}}},"fnMap":{},"branchMap":{},"s":{"0":0},"f":{},"b":{}}
,"C:\\Users\\dmhb1\\_PROGRAMACION\\Tags!\\client\\src\\pages\\About.tsx": {"path":"C:\\Users\\dmhb1\\_PROGRAMACION\\Tags!\\client\\src\\pages\\About.tsx","statementMap":{"0":{"start":{"line":2,"column":0},"end":{"line":2,"column":24}},"1":{"start":{"line":3,"column":2},"end":{"line":7,"column":null}}},"fnMap":{"0":{"name":"About","decl":{"start":{"line":2,"column":24},"end":{"line":2,"column":29}},"loc":{"start":{"line":2,"column":29},"end":{"line":8,"column":1}}}},"branchMap":{},"s":{"0":0,"1":0},"f":{"0":0},"b":{}}
,"C:\\Users\\dmhb1\\_PROGRAMACION\\Tags!\\client\\src\\pages\\Chat.tsx": {"path":"C:\\Users\\dmhb1\\_PROGRAMACION\\Tags!\\client\\src\\pages\\Chat.tsx","statementMap":{"0":{"start":{"line":11,"column":0},"end":{"line":11,"column":24}},"1":{"start":{"line":1,"column":0},"end":{"line":1,"column":44}},"2":{"start":{"line":2,"column":0},"end":{"line":2,"column":45}},"3":{"start":{"line":3,"column":0},"end":{"line":3,"column":68}},"4":{"start":{"line":4,"column":0},"end":{"line":4,"column":49}},"5":{"start":{"line":5,"column":0},"end":{"line":5,"column":56}},"6":{"start":{"line":6,"column":0},"end":{"line":6,"column":64}},"7":{"start":{"line":7,"column":0},"end":{"line":7,"column":47}},"8":{"start":{"line":8,"column":0},"end":{"line":8,"column":49}},"9":{"start":{"line":12,"column":56},"end":{"line":12,"column":66}},"10":{"start":{"line":13,"column":19},"end":{"line":13,"column":30}},"11":{"start":{"line":14,"column":26},"end":{"line":14,"column":37}},"12":{"start":{"line":16,"column":17},"end":{"line":16,"column":28}},"13":{"start":{"line":18,"column":40},"end":{"line":18,"column":60}},"14":{"start":{"line":19,"column":44},"end":{"line":21,"column":7}},"15":{"start":{"line":23,"column":2},"end":{"line":38,"column":11}},"16":{"start":{"line":24,"column":4},"end":{"line":36,"column":5}},"17":{"start":{"line":25,"column":6},"end":{"line":25,"column":20}},"18":{"start":{"line":26,"column":6},"end":{"line":26,"column":28}},"19":{"start":{"line":27,"column":11},"end":{"line":36,"column":5}},"20":{"start":{"line":28,"column":21},"end":{"line":28,"column":37}},"21":{"start":{"line":29,"column":6},"end":{"line":29,"column":26}},"22":{"start":{"line":29,"column":19},"end":{"line":29,"column":26}},"23":{"start":{"line":30,"column":23},"end":{"line":30,"column":74}},"24":{"start":{"line":30,"column":50},"end":{"line":30,"column":73}},"25":{"start":{"line":31,"column":6},"end":{"line":31,"column":39}},"26":{"start":{"line":32,"column":6},"end":{"line":32,"column":29}},"27":{"start":{"line":34,"column":6},"end":{"line":34,"column":20}},"28":{"start":{"line":35,"column":6},"end":{"line":35,"column":29}},"29":{"start":{"line":40,"column":2},"end":{"line":46,"column":4}}},"fnMap":{"0":{"name":"Chat","decl":{"start":{"line":11,"column":24},"end":{"line":11,"column":28}},"loc":{"start":{"line":11,"column":28},"end":{"line":47,"column":1}}},"1":{"name":"(anonymous_2)","decl":{"start":{"line":23,"column":12},"end":{"line":23,"column":15}},"loc":{"start":{"line":23,"column":17},"end":{"line":38,"column":3}}},"2":{"name":"(anonymous_3)","decl":{"start":{"line":30,"column":40},"end":{"line":30,"column":41}},"loc":{"start":{"line":30,"column":50},"end":{"line":30,"column":73}}}},"branchMap":{"0":{"loc":{"start":{"line":24,"column":4},"end":{"line":36,"column":5}},"type":"if","locations":[{"start":{"line":24,"column":4},"end":{"line":36,"column":5}},{"start":{"line":27,"column":11},"end":{"line":36,"column":5}}]},"1":{"loc":{"start":{"line":27,"column":11},"end":{"line":36,"column":5}},"type":"if","locations":[{"start":{"line":27,"column":11},"end":{"line":36,"column":5}},{"start":{"line":33,"column":11},"end":{"line":36,"column":5}}]},"2":{"loc":{"start":{"line":29,"column":6},"end":{"line":29,"column":26}},"type":"if","locations":[{"start":{"line":29,"column":6},"end":{"line":29,"column":26}}]},"3":{"loc":{"start":{"line":31,"column":23},"end":{"line":31,"column":37}},"type":"binary-expr","locations":[{"start":{"line":31,"column":23},"end":{"line":31,"column":31}},{"start":{"line":31,"column":35},"end":{"line":31,"column":37}}]},"4":{"loc":{"start":{"line":42,"column":7},"end":{"line":42,"column":70}},"type":"binary-expr","locations":[{"start":{"line":42,"column":7},"end":{"line":42,"column":27}},{"start":{"line":42,"column":31},"end":{"line":42,"column":70}}]},"5":{"loc":{"start":{"line":43,"column":7},"end":{"line":43,"column":75}},"type":"binary-expr","locations":[{"start":{"line":43,"column":7},"end":{"line":43,"column":28}},{"start":{"line":43,"column":32},"end":{"line":43,"column":75}}]},"6":{"loc":{"start":{"line":44,"column":7},"end":{"line":44,"column":49}},"type":"binary-expr","locations":[{"start":{"line":44,"column":7},"end":{"line":44,"column":28}},{"start":{"line":44,"column":32},"end":{"line":44,"column":49}}]}},"s":{"0":0,"1":0,"2":0,"3":0,"4":0,"5":0,"6":0,"7":0,"8":0,"9":0,"10":0,"11":0,"12":0,"13":0,"14":0,"15":0,"16":0,"17":0,"18":0,"19":0,"20":0,"21":0,"22":0,"23":0,"24":0,"25":0,"26":0,"27":0,"28":0,"29":0},"f":{"0":0,"1":0,"2":0},"b":{"0":[0,0],"1":[0,0],"2":[0],"3":[0,0],"4":[0,0],"5":[0,0],"6":[0,0]}}
,"C:\\Users\\dmhb1\\_PROGRAMACION\\Tags!\\client\\src\\pages\\Landing.tsx": {"path":"C:\\Users\\dmhb1\\_PROGRAMACION\\Tags!\\client\\src\\pages\\Landing.tsx","statementMap":{"0":{"start":{"line":7,"column":0},"end":{"line":7,"column":24}},"1":{"start":{"line":1,"column":0},"end":{"line":1,"column":34}},"2":{"start":{"line":2,"column":0},"end":{"line":2,"column":52}},"3":{"start":{"line":3,"column":0},"end":{"line":3,"column":47}},"4":{"start":{"line":4,"column":0},"end":{"line":4,"column":47}},"5":{"start":{"line":5,"column":0},"end":{"line":5,"column":49}},"6":{"start":{"line":8,"column":35},"end":{"line":8,"column":46}},"7":{"start":{"line":9,"column":56},"end":{"line":9,"column":66}},"8":{"start":{"line":10,"column":24},"end":{"line":10,"column":34}},"9":{"start":{"line":12,"column":2},"end":{"line":18,"column":9}},"10":{"start":{"line":13,"column":4},"end":{"line":13,"column":16}},"11":{"start":{"line":14,"column":4},"end":{"line":16,"column":5}},"12":{"start":{"line":15,"column":6},"end":{"line":15,"column":20}},"13":{"start":{"line":20,"column":2},"end":{"line":25,"column":18}},"14":{"start":{"line":21,"column":4},"end":{"line":23,"column":5}},"15":{"start":{"line":22,"column":6},"end":{"line":22,"column":18}},"16":{"start":{"line":27,"column":2},"end":{"line":51,"column":4}}},"fnMap":{"0":{"name":"Landing","decl":{"start":{"line":7,"column":24},"end":{"line":7,"column":31}},"loc":{"start":{"line":7,"column":31},"end":{"line":52,"column":1}}},"1":{"name":"(anonymous_2)","decl":{"start":{"line":12,"column":12},"end":{"line":12,"column":15}},"loc":{"start":{"line":12,"column":17},"end":{"line":18,"column":3}}},"2":{"name":"(anonymous_3)","decl":{"start":{"line":20,"column":12},"end":{"line":20,"column":15}},"loc":{"start":{"line":20,"column":17},"end":{"line":25,"column":3}}}},"branchMap":{"0":{"loc":{"start":{"line":14,"column":4},"end":{"line":16,"column":5}},"type":"if","locations":[{"start":{"line":14,"column":4},"end":{"line":16,"column":5}}]},"1":{"loc":{"start":{"line":21,"column":4},"end":{"line":23,"column":5}},"type":"if","locations":[{"start":{"line":21,"column":4},"end":{"line":23,"column":5}}]}},"s":{"0":0,"1":0,"2":0,"3":0,"4":0,"5":0,"6":0,"7":0,"8":0,"9":0,"10":0,"11":0,"12":0,"13":0,"14":0,"15":0,"16":0},"f":{"0":0,"1":0,"2":0},"b":{"0":[0],"1":[0]}}
,"C:\\Users\\dmhb1\\_PROGRAMACION\\Tags!\\client\\src\\pages\\Login.tsx": {"path":"C:\\Users\\dmhb1\\_PROGRAMACION\\Tags!\\client\\src\\pages\\Login.tsx","statementMap":{"0":{"start":{"line":10,"column":0},"end":{"line":10,"column":24}},"1":{"start":{"line":1,"column":0},"end":{"line":1,"column":44}},"2":{"start":{"line":2,"column":0},"end":{"line":2,"column":47}},"3":{"start":{"line":4,"column":0},"end":{"line":4,"column":49}},"4":{"start":{"line":5,"column":0},"end":{"line":5,"column":47}},"5":{"start":{"line":6,"column":0},"end":{"line":6,"column":52}},"6":{"start":{"line":7,"column":0},"end":{"line":7,"column":49}},"7":{"start":{"line":8,"column":0},"end":{"line":8,"column":49}},"8":{"start":{"line":11,"column":27},"end":{"line":11,"column":38}},"9":{"start":{"line":12,"column":27},"end":{"line":12,"column":38}},"10":{"start":{"line":13,"column":32},"end":{"line":13,"column":42}},"11":{"start":{"line":14,"column":26},"end":{"line":14,"column":37}},"12":{"start":{"line":15,"column":19},"end":{"line":15,"column":32}},"13":{"start":{"line":17,"column":36},"end":{"line":20,"column":4}},"14":{"start":{"line":23,"column":28},"end":{"line":23,"column":36}},"15":{"start":{"line":24,"column":4},"end":{"line":29,"column":7}},"16":{"start":{"line":25,"column":6},"end":{"line":28,"column":8}},"17":{"start":{"line":35,"column":4},"end":{"line":35,"column":23}},"18":{"start":{"line":36,"column":4},"end":{"line":36,"column":27}},"19":{"start":{"line":40,"column":2},"end":{"line":50,"column":13}},"20":{"start":{"line":41,"column":4},"end":{"line":48,"column":5}},"21":{"start":{"line":42,"column":6},"end":{"line":42,"column":13}},"22":{"start":{"line":44,"column":6},"end":{"line":44,"column":20}},"23":{"start":{"line":45,"column":6},"end":{"line":45,"column":21}},"24":{"start":{"line":46,"column":6},"end":{"line":46,"column":20}},"25":{"start":{"line":47,"column":6},"end":{"line":47,"column":23}},"26":{"start":{"line":52,"column":2},"end":{"line":95,"column":4}}},"fnMap":{"0":{"name":"Login","decl":{"start":{"line":10,"column":24},"end":{"line":10,"column":29}},"loc":{"start":{"line":10,"column":29},"end":{"line":96,"column":1}}},"1":{"name":"handleChange","decl":{"start":{"line":22,"column":11},"end":{"line":22,"column":23}},"loc":{"start":{"line":22,"column":62},"end":{"line":30,"column":3}}},"2":{"name":"(anonymous_3)","decl":{"start":{"line":24,"column":17},"end":{"line":24,"column":18}},"loc":{"start":{"line":24,"column":26},"end":{"line":29,"column":5}}},"3":{"name":"handelSubmit","decl":{"start":{"line":32,"column":17},"end":{"line":32,"column":29}},"loc":{"start":{"line":33,"column":54},"end":{"line":37,"column":3}}},"4":{"name":"(anonymous_5)","decl":{"start":{"line":40,"column":12},"end":{"line":40,"column":15}},"loc":{"start":{"line":40,"column":17},"end":{"line":50,"column":3}}}},"branchMap":{"0":{"loc":{"start":{"line":41,"column":4},"end":{"line":48,"column":5}},"type":"if","locations":[{"start":{"line":41,"column":4},"end":{"line":48,"column":5}},{"start":{"line":43,"column":11},"end":{"line":48,"column":5}}]}},"s":{"0":0,"1":0,"2":0,"3":0,"4":0,"5":0,"6":0,"7":0,"8":0,"9":0,"10":0,"11":0,"12":0,"13":0,"14":0,"15":0,"16":0,"17":0,"18":0,"19":0,"20":0,"21":0,"22":0,"23":0,"24":0,"25":0,"26":0},"f":{"0":0,"1":0,"2":0,"3":0,"4":0},"b":{"0":[0,0]}}
,"C:\\Users\\dmhb1\\_PROGRAMACION\\Tags!\\client\\src\\pages\\Map.tsx": {"path":"C:\\Users\\dmhb1\\_PROGRAMACION\\Tags!\\client\\src\\pages\\Map.tsx","statementMap":{"0":{"start":{"line":11,"column":0},"end":{"line":11,"column":24}},"1":{"start":{"line":1,"column":0},"end":{"line":1,"column":44}},"2":{"start":{"line":2,"column":0},"end":{"line":2,"column":64}},"3":{"start":{"line":3,"column":0},"end":{"line":3,"column":34}},"4":{"start":{"line":5,"column":0},"end":{"line":5,"column":47}},"5":{"start":{"line":6,"column":0},"end":{"line":6,"column":47}},"6":{"start":{"line":7,"column":0},"end":{"line":7,"column":52}},"7":{"start":{"line":8,"column":0},"end":{"line":8,"column":50}},"8":{"start":{"line":9,"column":0},"end":{"line":9,"column":48}},"9":{"start":{"line":12,"column":37},"end":{"line":12,"column":47}},"10":{"start":{"line":13,"column":77},"end":{"line":13,"column":87}},"11":{"start":{"line":14,"column":50},"end":{"line":14,"column":79}},"12":{"start":{"line":16,"column":2},"end":{"line":22,"column":9}},"13":{"start":{"line":17,"column":4},"end":{"line":17,"column":16}},"14":{"start":{"line":18,"column":4},"end":{"line":18,"column":20}},"15":{"start":{"line":19,"column":4},"end":{"line":21,"column":5}},"16":{"start":{"line":20,"column":8},"end":{"line":20,"column":null}},"17":{"start":{"line":25,"column":24},"end":{"line":26,"column":null}},"18":{"start":{"line":26,"column":4},"end":{"line":26,"column":99}},"19":{"start":{"line":29,"column":2},"end":{"line":50,"column":4}},"20":{"start":{"line":46,"column":10},"end":{"line":46,"column":48}}},"fnMap":{"0":{"name":"Map","decl":{"start":{"line":11,"column":24},"end":{"line":11,"column":27}},"loc":{"start":{"line":11,"column":27},"end":{"line":51,"column":1}}},"1":{"name":"(anonymous_2)","decl":{"start":{"line":16,"column":12},"end":{"line":16,"column":15}},"loc":{"start":{"line":16,"column":17},"end":{"line":22,"column":3}}},"2":{"name":"(anonymous_3)","decl":{"start":{"line":25,"column":47},"end":{"line":25,"column":48}},"loc":{"start":{"line":26,"column":4},"end":{"line":26,"column":99}}},"3":{"name":"(anonymous_4)","decl":{"start":{"line":45,"column":28},"end":{"line":45,"column":29}},"loc":{"start":{"line":46,"column":10},"end":{"line":46,"column":48}}}},"branchMap":{"0":{"loc":{"start":{"line":19,"column":4},"end":{"line":21,"column":5}},"type":"if","locations":[{"start":{"line":19,"column":4},"end":{"line":21,"column":5}}]},"1":{"loc":{"start":{"line":26,"column":4},"end":{"line":26,"column":99}},"type":"binary-expr","locations":[{"start":{"line":26,"column":5},"end":{"line":26,"column":22}},{"start":{"line":26,"column":26},"end":{"line":26,"column":60}},{"start":{"line":26,"column":65},"end":{"line":26,"column":99}}]},"2":{"loc":{"start":{"line":37,"column":9},"end":{"line":42,"column":null}},"type":"cond-expr","locations":[{"start":{"line":38,"column":2},"end":{"line":39,"column":null}},{"start":{"line":42,"column":2},"end":{"line":42,"column":50}}]},"3":{"loc":{"start":{"line":38,"column":2},"end":{"line":39,"column":null}},"type":"binary-expr","locations":[{"start":{"line":38,"column":3},"end":{"line":38,"column":20}},{"start":{"line":38,"column":24},"end":{"line":38,"column":72}},{"start":{"line":39,"column":4},"end":{"line":39,"column":70}}]}},"s":{"0":0,"1":0,"2":0,"3":0,"4":0,"5":0,"6":0,"7":0,"8":0,"9":0,"10":0,"11":0,"12":0,"13":0,"14":0,"15":0,"16":0,"17":0,"18":0,"19":0,"20":0},"f":{"0":0,"1":0,"2":0,"3":0},"b":{"0":[0],"1":[0,0,0],"2":[0,0],"3":[0,0,0]}}
,"C:\\Users\\dmhb1\\_PROGRAMACION\\Tags!\\client\\src\\pages\\Post.tsx": {"path":"C:\\Users\\dmhb1\\_PROGRAMACION\\Tags!\\client\\src\\pages\\Post.tsx","statementMap":{"0":{"start":{"line":14,"column":0},"end":{"line":14,"column":24}},"1":{"start":{"line":1,"column":0},"end":{"line":1,"column":47}},"2":{"start":{"line":2,"column":0},"end":{"line":2,"column":47}},"3":{"start":{"line":3,"column":0},"end":{"line":3,"column":49}},"4":{"start":{"line":4,"column":0},"end":{"line":4,"column":52}},"5":{"start":{"line":5,"column":0},"end":{"line":5,"column":56}},"6":{"start":{"line":7,"column":0},"end":{"line":7,"column":44}},"7":{"start":{"line":8,"column":0},"end":{"line":8,"column":45}},"8":{"start":{"line":10,"column":0},"end":{"line":10,"column":80}},"9":{"start":{"line":11,"column":0},"end":{"line":11,"column":49}},"10":{"start":{"line":12,"column":0},"end":{"line":12,"column":49}},"11":{"start":{"line":22,"column":6},"end":{"line":22,"column":16}},"12":{"start":{"line":23,"column":25},"end":{"line":23,"column":36}},"13":{"start":{"line":24,"column":42},"end":{"line":24,"column":53}},"14":{"start":{"line":25,"column":19},"end":{"line":25,"column":30}},"15":{"start":{"line":27,"column":17},"end":{"line":27,"column":28}},"16":{"start":{"line":28,"column":19},"end":{"line":28,"column":32}},"17":{"start":{"line":29,"column":26},"end":{"line":29,"column":57}},"18":{"start":{"line":31,"column":2},"end":{"line":39,"column":46}},"19":{"start":{"line":32,"column":4},"end":{"line":34,"column":5}},"20":{"start":{"line":33,"column":6},"end":{"line":33,"column":48}},"21":{"start":{"line":35,"column":21},"end":{"line":35,"column":64}},"22":{"start":{"line":36,"column":21},"end":{"line":36,"column":59}},"23":{"start":{"line":36,"column":45},"end":{"line":36,"column":58}},"24":{"start":{"line":37,"column":4},"end":{"line":37,"column":23}},"25":{"start":{"line":42,"column":4},"end":{"line":56,"column":5}},"26":{"start":{"line":44,"column":6},"end":{"line":44,"column":36}},"27":{"start":{"line":47,"column":19},"end":{"line":47,"column":71}},"28":{"start":{"line":49,"column":6},"end":{"line":55,"column":7}},"29":{"start":{"line":50,"column":27},"end":{"line":50,"column":31}},"30":{"start":{"line":51,"column":8},"end":{"line":51,"column":36}},"31":{"start":{"line":53,"column":24},"end":{"line":53,"column":73}},"32":{"start":{"line":54,"column":8},"end":{"line":54,"column":41}},"33":{"start":{"line":61,"column":2},"end":{"line":142,"column":4}},"34":{"start":{"line":100,"column":35},"end":{"line":100,"column":56}},"35":{"start":{"line":109,"column":18},"end":{"line":109,"column":39}},"36":{"start":{"line":110,"column":18},"end":{"line":110,"column":39}},"37":{"start":{"line":122,"column":23},"end":{"line":122,"column":41}},"38":{"start":{"line":124,"column":22},"end":{"line":124,"column":43}}},"fnMap":{"0":{"name":"Post","decl":{"start":{"line":14,"column":24},"end":{"line":14,"column":28}},"loc":{"start":{"line":14,"column":28},"end":{"line":143,"column":1}}},"1":{"name":"(anonymous_2)","decl":{"start":{"line":31,"column":12},"end":{"line":31,"column":15}},"loc":{"start":{"line":31,"column":17},"end":{"line":39,"column":3}}},"2":{"name":"(anonymous_3)","decl":{"start":{"line":36,"column":35},"end":{"line":36,"column":36}},"loc":{"start":{"line":36,"column":45},"end":{"line":36,"column":58}}},"3":{"name":"handleChatClick","decl":{"start":{"line":41,"column":17},"end":{"line":41,"column":32}},"loc":{"start":{"line":41,"column":32},"end":{"line":57,"column":3}}},"4":{"name":"(anonymous_5)","decl":{"start":{"line":100,"column":29},"end":{"line":100,"column":32}},"loc":{"start":{"line":100,"column":35},"end":{"line":100,"column":56}}},"5":{"name":"(anonymous_6)","decl":{"start":{"line":108,"column":25},"end":{"line":108,"column":28}},"loc":{"start":{"line":108,"column":30},"end":{"line":111,"column":17}}},"6":{"name":"(anonymous_7)","decl":{"start":{"line":121,"column":29},"end":{"line":121,"column":34}},"loc":{"start":{"line":121,"column":39},"end":{"line":125,"column":21}}}},"branchMap":{"0":{"loc":{"start":{"line":32,"column":4},"end":{"line":34,"column":5}},"type":"if","locations":[{"start":{"line":32,"column":4},"end":{"line":34,"column":5}}]},"1":{"loc":{"start":{"line":32,"column":8},"end":{"line":32,"column":51}},"type":"binary-expr","locations":[{"start":{"line":32,"column":8},"end":{"line":32,"column":20}},{"start":{"line":32,"column":24},"end":{"line":32,"column":51}}]},"2":{"loc":{"start":{"line":42,"column":4},"end":{"line":56,"column":5}},"type":"if","locations":[{"start":{"line":42,"column":4},"end":{"line":56,"column":5}},{"start":{"line":45,"column":11},"end":{"line":56,"column":5}}]},"3":{"loc":{"start":{"line":49,"column":6},"end":{"line":55,"column":7}},"type":"if","locations":[{"start":{"line":49,"column":6},"end":{"line":55,"column":7}},{"start":{"line":52,"column":13},"end":{"line":55,"column":7}}]},"4":{"loc":{"start":{"line":65,"column":7},"end":{"line":66,"column":null}},"type":"binary-expr","locations":[{"start":{"line":65,"column":7},"end":{"line":65,"column":25}},{"start":{"line":65,"column":29},"end":{"line":65,"column":33}},{"start":{"line":65,"column":37},"end":{"line":65,"column":70}},{"start":{"line":66,"column":8},"end":{"line":66,"column":78}}]},"5":{"loc":{"start":{"line":72,"column":9},"end":{"line":75,"column":null}},"type":"binary-expr","locations":[{"start":{"line":72,"column":9},"end":{"line":72,"column":13}},{"start":{"line":73,"column":10},"end":{"line":73,"column":32}},{"start":{"line":74,"column":10},"end":{"line":74,"column":44}},{"start":{"line":75,"column":12},"end":{"line":75,"column":70}}]},"6":{"loc":{"start":{"line":77,"column":9},"end":{"line":80,"column":null}},"type":"binary-expr","locations":[{"start":{"line":77,"column":9},"end":{"line":77,"column":21}},{"start":{"line":77,"column":25},"end":{"line":77,"column":29}},{"start":{"line":77,"column":33},"end":{"line":77,"column":56}},{"start":{"line":78,"column":10},"end":{"line":79,"column":null}}]},"7":{"loc":{"start":{"line":84,"column":11},"end":{"line":87,"column":null}},"type":"binary-expr","locations":[{"start":{"line":84,"column":11},"end":{"line":84,"column":15}},{"start":{"line":85,"column":12},"end":{"line":86,"column":null}}]},"8":{"loc":{"start":{"line":90,"column":11},"end":{"line":128,"column":null}},"type":"binary-expr","locations":[{"start":{"line":90,"column":11},"end":{"line":90,"column":15}},{"start":{"line":90,"column":19},"end":{"line":90,"column":42}},{"start":{"line":91,"column":12},"end":{"line":127,"column":null}}]},"9":{"loc":{"start":{"line":92,"column":15},"end":{"line":101,"column":null}},"type":"binary-expr","locations":[{"start":{"line":92,"column":15},"end":{"line":92,"column":33}},{"start":{"line":93,"column":16},"end":{"line":93,"column":20}},{"start":{"line":94,"column":16},"end":{"line":94,"column":49}},{"start":{"line":95,"column":18},"end":{"line":100,"column":null}}]},"10":{"loc":{"start":{"line":97,"column":30},"end":{"line":97,"column":69}},"type":"cond-expr","locations":[{"start":{"line":97,"column":57},"end":{"line":97,"column":61}},{"start":{"line":97,"column":64},"end":{"line":97,"column":69}}]},"11":{"loc":{"start":{"line":97,"column":30},"end":{"line":97,"column":54}},"type":"binary-expr","locations":[{"start":{"line":97,"column":30},"end":{"line":97,"column":42}},{"start":{"line":97,"column":46},"end":{"line":97,"column":54}}]},"12":{"loc":{"start":{"line":105,"column":26},"end":{"line":105,"column":65}},"type":"cond-expr","locations":[{"start":{"line":105,"column":53},"end":{"line":105,"column":57}},{"start":{"line":105,"column":60},"end":{"line":105,"column":65}}]},"13":{"loc":{"start":{"line":105,"column":26},"end":{"line":105,"column":50}},"type":"binary-expr","locations":[{"start":{"line":105,"column":26},"end":{"line":105,"column":38}},{"start":{"line":105,"column":42},"end":{"line":105,"column":50}}]},"14":{"loc":{"start":{"line":113,"column":15},"end":{"line":126,"column":null}},"type":"binary-expr","locations":[{"start":{"line":113,"column":15},"end":{"line":113,"column":33}},{"start":{"line":114,"column":16},"end":{"line":114,"column":20}},{"start":{"line":115,"column":16},"end":{"line":115,"column":49}},{"start":{"line":116,"column":18},"end":{"line":125,"column":null}}]},"15":{"loc":{"start":{"line":118,"column":30},"end":{"line":118,"column":69}},"type":"cond-expr","locations":[{"start":{"line":118,"column":57},"end":{"line":118,"column":61}},{"start":{"line":118,"column":64},"end":{"line":118,"column":69}}]},"16":{"loc":{"start":{"line":118,"column":30},"end":{"line":118,"column":54}},"type":"binary-expr","locations":[{"start":{"line":118,"column":30},"end":{"line":118,"column":42}},{"start":{"line":118,"column":46},"end":{"line":118,"column":54}}]}},"s":{"0":0,"1":0,"2":0,"3":0,"4":0,"5":0,"6":0,"7":0,"8":0,"9":0,"10":0,"11":0,"12":0,"13":0,"14":0,"15":0,"16":0,"17":0,"18":0,"19":0,"20":0,"21":0,"22":0,"23":0,"24":0,"25":0,"26":0,"27":0,"28":0,"29":0,"30":0,"31":0,"32":0,"33":0,"34":0,"35":0,"36":0,"37":0,"38":0},"f":{"0":0,"1":0,"2":0,"3":0,"4":0,"5":0,"6":0},"b":{"0":[0],"1":[0,0],"2":[0,0],"3":[0,0],"4":[0,0,0,0],"5":[0,0,0,0],"6":[0,0,0,0],"7":[0,0],"8":[0,0,0],"9":[0,0,0,0],"10"
[...]
24,"column":20},"end":{"line":124,"column":39}}]},"9":{"loc":{"start":{"line":129,"column":13},"end":{"line":129,"column":67}},"type":"binary-expr","locations":[{"start":{"line":129,"column":13},"end":{"line":129,"column":25}},{"start":{"line":129,"column":29},"end":{"line":129,"column":67}}]},"10":{"loc":{"start":{"line":144,"column":16},"end":{"line":146,"column":39}},"type":"cond-expr","locations":[{"start":{"line":145,"column":20},"end":{"line":145,"column":52}},{"start":{"line":146,"column":20},"end":{"line":146,"column":39}}]},"11":{"loc":{"start":{"line":151,"column":13},"end":{"line":151,"column":73}},"type":"binary-expr","locations":[{"start":{"line":151,"column":13},"end":{"line":151,"column":17}},{"start":{"line":151,"column":21},"end":{"line":151,"column":73}}]},"12":{"loc":{"start":{"line":152,"column":13},"end":{"line":152,"column":73}},"type":"binary-expr","locations":[{"start":{"line":152,"column":13},"end":{"line":152,"column":28}},{"start":{"line":152,"column":32},"end":{"line":152,"column":73}}]},"13":{"loc":{"start":{"line":166,"column":16},"end":{"line":168,"column":39}},"type":"cond-expr","locations":[{"start":{"line":167,"column":20},"end":{"line":167,"column":52}},{"start":{"line":168,"column":20},"end":{"line":168,"column":39}}]},"14":{"loc":{"start":{"line":173,"column":13},"end":{"line":173,"column":79}},"type":"binary-expr","locations":[{"start":{"line":173,"column":13},"end":{"line":173,"column":31}},{"start":{"line":173,"column":35},"end":{"line":173,"column":79}}]},"15":{"loc":{"start":{"line":182,"column":9},"end":{"line":186,"column":null}},"type":"binary-expr","locations":[{"start":{"line":182,"column":9},"end":{"line":182,"column":36}},{"start":{"line":183,"column":10},"end":{"line":185,"column":null}}]},"16":{"loc":{"start":{"line":189,"column":16},"end":{"line":189,"column":60}},"type":"cond-expr","locations":[{"start":{"line":189,"column":23},"end":{"line":189,"column":39}},{"start":{"line":189,"column":42},"end":{"line":189,"column":60}}]},"17":{"loc":{"start":{"line":196,"column":22},"end":{"line":196,"column":61}},"type":"cond-expr","locations":[{"start":{"line":196,"column":49},"end":{"line":196,"column":53}},{"start":{"line":196,"column":56},"end":{"line":196,"column":61}}]},"18":{"loc":{"start":{"line":196,"column":22},"end":{"line":196,"column":46}},"type":"binary-expr","locations":[{"start":{"line":196,"column":22},"end":{"line":196,"column":34}},{"start":{"line":196,"column":38},"end":{"line":196,"column":46}}]}},"s":{"0":0,"1":0,"2":0,"3":0,"4":0,"5":0,"6":0,"7":0,"8":0,"9":0,"10":0,"11":0,"12":0,"13":0,"14":0,"15":0,"16":0,"17":0,"18":0,"19":0,"20":0,"21":0,"22":0,"23":0,"24":0,"25":0,"26":0,"27":0,"28":0,"29":0,"30":0,"31":0,"32":0,"33":0,"34":0,"35":0,"36":0,"37":0,"38":0,"39":0,"40":0,"41":0,"42":0,"43":0,"44":0,"45":0},"f":{"0":0,"1":0,"2":0,"3":0},"b":{"0":[0],"1":[0,0],"2":[0],"3":[0],"4":[0,0],"5":[0],"6":[0,0],"7":[0,0],"8":[0,0],"9":[0,0],"10":[0,0],"11":[0,0],"12":[0,0],"13":[0,0],"14":[0,0],"15":[0,0],"16":[0,0],"17":[0,0],"18":[0,0]}}
,"C:\\Users\\dmhb1\\_PROGRAMACION\\Tags!\\client\\src\\pages\\Profile.tsx": {"path":"C:\\Users\\dmhb1\\_PROGRAMACION\\Tags!\\client\\src\\pages\\Profile.tsx","statementMap":{"0":{"start":{"line":10,"column":0},"end":{"line":10,"column":24}},"1":{"start":{"line":1,"column":0},"end":{"line":1,"column":34}},"2":{"start":{"line":2,"column":0},"end":{"line":2,"column":52}},"3":{"start":{"line":3,"column":0},"end":{"line":3,"column":56}},"4":{"start":{"line":4,"column":0},"end":{"line":4,"column":56}},"5":{"start":{"line":6,"column":0},"end":{"line":6,"column":49}},"6":{"start":{"line":7,"column":0},"end":{"line":7,"column":49}},"7":{"start":{"line":8,"column":0},"end":{"line":8,"column":47}},"8":{"start":{"line":11,"column":21},"end":{"line":11,"column":32}},"9":{"start":{"line":12,"column":33},"end":{"line":12,"column":43}},"10":{"start":{"line":13,"column":27},"end":{"line":13,"column":38}},"11":{"start":{"line":16,"column":2},"end":{"line":20,"column":9}},"12":{"start":{"line":17,"column":4},"end":{"line":17,"column":19}},"13":{"start":{"line":22,"column":22},"end":{"line":23,"column":null}},"14":{"start":{"line":23,"column":14},"end":{"line":23,"column":79}},"15":{"start":{"line":26,"column":2},"end":{"line":49,"column":4}},"16":{"start":{"line":34,"column":12},"end":{"line":34,"column":41}},"17":{"start":{"line":43,"column":25},"end":{"line":43,"column":33}}},"fnMap":{"0":{"name":"Profile","decl":{"start":{"line":10,"column":24},"end":{"line":10,"column":31}},"loc":{"start":{"line":10,"column":31},"end":{"line":50,"column":1}}},"1":{"name":"(anonymous_2)","decl":{"start":{"line":16,"column":12},"end":{"line":16,"column":15}},"loc":{"start":{"line":16,"column":17},"end":{"line":20,"column":3}}},"2":{"name":"(anonymous_3)","decl":{"start":{"line":23,"column":4},"end":{"line":23,"column":5}},"loc":{"start":{"line":23,"column":14},"end":{"line":23,"column":79}}},"3":{"name":"(anonymous_4)","decl":{"start":{"line":33,"column":28},"end":{"line":33,"column":29}},"loc":{"start":{"line":34,"column":12},"end":{"line":34,"column":41}}},"4":{"name":"(anonymous_5)","decl":{"start":{"line":43,"column":19},"end":{"line":43,"column":22}},"loc":{"start":{"line":43,"column":25},"end":{"line":43,"column":33}}}},"branchMap":{},"s":{"0":0,"1":0,"2":0,"3":0,"4":0,"5":0,"6":0,"7":0,"8":0,"9":0,"10":0,"11":0,"12":0,"13":0,"14":0,"15":0,"16":0,"17":0},"f":{"0":0,"1":0,"2":0,"3":0,"4":0},"b":{}}
,"C:\\Users\\dmhb1\\_PROGRAMACION\\Tags!\\client\\src\\pages\\Signin.tsx": {"path":"C:\\Users\\dmhb1\\_PROGRAMACION\\Tags!\\client\\src\\pages\\Signin.tsx","statementMap":{"0":{"start":{"line":14,"column":0},"end":{"line":14,"column":24}},"1":{"start":{"line":1,"column":0},"end":{"line":1,"column":34}},"2":{"start":{"line":2,"column":0},"end":{"line":2,"column":47}},"3":{"start":{"line":4,"column":0},"end":{"line":4,"column":49}},"4":{"start":{"line":5,"column":0},"end":{"line":5,"column":42}},"5":{"start":{"line":6,"column":0},"end":{"line":6,"column":52}},"6":{"start":{"line":7,"column":0},"end":{"line":7,"column":40}},"7":{"start":{"line":8,"column":0},"end":{"line":8,"column":47}},"8":{"start":{"line":9,"column":0},"end":{"line":9,"column":47}},"9":{"start":{"line":10,"column":0},"end":{"line":10,"column":62}},"10":{"start":{"line":11,"column":0},"end":{"line":11,"column":49}},"11":{"start":{"line":12,"column":0},"end":{"line":12,"column":49}},"12":{"start":{"line":15,"column":29},"end":{"line":15,"column":40}},"13":{"start":{"line":16,"column":84},"end":{"line":16,"column":94}},"14":{"start":{"line":17,"column":24},"end":{"line":17,"column":35}},"15":{"start":{"line":18,"column":24},"end":{"line":18,"column":35}},"16":{"start":{"line":20,"column":19},"end":{"line":20,"column":32}},"17":{"start":{"line":27,"column":6},"end":{"line":27,"column":24}},"18":{"start":{"line":31,"column":4},"end":{"line":31,"column":48}},"19":{"start":{"line":33,"column":4},"end":{"line":33,"column":23}},"20":{"start":{"line":36,"column":2},"end":{"line":49,"column":13}},"21":{"start":{"line":37,"column":4},"end":{"line":47,"column":5}},"22":{"start":{"line":38,"column":6},"end":{"line":38,"column":13}},"23":{"start":{"line":40,"column":6},"end":{"line":40,"column":14}},"24":{"start":{"line":41,"column":6},"end":{"line":41,"column":21}},"25":{"start":{"line":42,"column":6},"end":{"line":42,"column":28}},"26":{"start":{"line":43,"column":6},"end":{"line":43,"column":20}},"27":{"start":{"line":44,"column":6},"end":{"line":44,"column":21}},"28":{"start":{"line":45,"column":6},"end":{"line":45,"column":20}},"29":{"start":{"line":46,"column":6},"end":{"line":46,"column":23}},"30":{"start":{"line":51,"column":2},"end":{"line":151,"column":4}},"31":{"start":{"line":124,"column":16},"end":{"line":126,"column":null}}},"fnMap":{"0":{"name":"Signin","decl":{"start":{"line":14,"column":24},"end":{"line":14,"column":30}},"loc":{"start":{"line":14,"column":30},"end":{"line":152,"column":1}}},"1":{"name":"createProfile","decl":{"start":{"line":30,"column":17},"end":{"line":30,"column":30}},"loc":{"start":{"line":30,"column":44},"end":{"line":34,"column":3}}},"2":{"name":"(anonymous_3)","decl":{"start":{"line":36,"column":12},"end":{"line":36,"column":15}},"loc":{"start":{"line":36,"column":17},"end":{"line":49,"column":3}}},"3":{"name":"(anonymous_4)","decl":{"start":{"line":123,"column":26},"end":{"line":123,"column":27}},"loc":{"start":{"line":124,"column":16},"end":{"line":126,"column":null}}}},"branchMap":{"0":{"loc":{"start":{"line":37,"column":4},"end":{"line":47,"column":5}},"type":"if","locations":[{"start":{"line":37,"column":4},"end":{"line":47,"column":5}},{"start":{"line":39,"column":11},"end":{"line":47,"column":5}}]},"1":{"loc":{"start":{"line":67,"column":13},"end":{"line":67,"column":75}},"type":"binary-expr","locations":[{"start":{"line":67,"column":13},"end":{"line":67,"column":28}},{"start":{"line":67,"column":32},"end":{"line":67,"column":75}}]},"2":{"loc":{"start":{"line":80,"column":13},"end":{"line":80,"column":67}},"type":"binary-expr","locations":[{"start":{"line":80,"column":13},"end":{"line":80,"column":24}},{"start":{"line":80,"column":28},"end":{"line":80,"column":67}}]},"3":{"loc":{"start":{"line":96,"column":13},"end":{"line":96,"column":69}},"type":"binary-expr","locations":[{"start":{"line":96,"column":13},"end":{"line":96,"column":25}},{"start":{"line":96,"column":29},"end":{"line":96,"column":69}}]},"4":{"loc":{"start":{"line":109,"column":13},"end":{"line":109,"column":75}},"type":"binary-expr","locations":[{"start":{"line":109,"column":13},"end":{"line":109,"column":28}},{"start":{"line":109,"column":32},"end":{"line":109,"column":75}}]},"5":{"loc":{"start":{"line":133,"column":13},"end":{"line":133,"column":67}},"type":"binary-expr","locations":[{"start":{"line":133,"column":13},"end":{"line":133,"column":24}},{"start":{"line":133,"column":28},"end":{"line":133,"column":67}}]},"6":{"loc":{"start":{"line":145,"column":22},"end":{"line":145,"column":61}},"type":"cond-expr","locations":[{"start":{"line":145,"column":49},"end":{"line":145,"column":53}},{"start":{"line":145,"column":56},"end":{"line":145,"column":61}}]},"7":{"loc":{"start":{"line":145,"column":22},"end":{"line":145,"column":46}},"type":"binary-expr","locations":[{"start":{"line":145,"column":22},"end":{"line":145,"column":34}},{"start":{"line":145,"column":38},"end":{"line":145,"column":46}}]}},"s":{"0":0,"1":0,"2":0,"3":0,"4":0,"5":0,"6":0,"7":0,"8":0,"9":0,"10":0,"11":0,"12":0,"13":0,"14":0,"15":0,"16":0,"17":0,"18":0,"19":0,"20":0,"21":0,"22":0,"23":0,"24":0,"25":0,"26":0,"27":0,"28":0,"29":0,"30":0,"31":0},"f":{"0":0,"1":0,"2":0,"3":0},"b":{"0":[0,0],"1":[0,0],"2":[0,0],"3":[0,0],"4":[0,0],"5":[0,0],"6":[0,0],"7":[0,0]}}
,"C:\\Users\\dmhb1\\_PROGRAMACION\\Tags!\\client\\src\\pages\\Tags.tsx": {"path":"C:\\Users\\dmhb1\\_PROGRAMACION\\Tags!\\client\\src\\pages\\Tags.tsx","statementMap":{"0":{"start":{"line":7,"column":0},"end":{"line":7,"column":24}},"1":{"start":{"line":1,"column":0},"end":{"line":1,"column":33}},"2":{"start":{"line":2,"column":0},"end":{"line":2,"column":47}},"3":{"start":{"line":4,"column":0},"end":{"line":4,"column":47}},"4":{"start":{"line":5,"column":0},"end":{"line":5,"column":54}},"5":{"start":{"line":8,"column":29},"end":{"line":8,"column":39}},"6":{"start":{"line":9,"column":26},"end":{"line":9,"column":36}},"7":{"start":{"line":10,"column":30},"end":{"line":10,"column":76}},"8":{"start":{"line":13,"column":22},"end":{"line":20,"column":3}},"9":{"start":{"line":19,"column":4},"end":{"line":19,"column":62}},"10":{"start":{"line":23,"column":22},"end":{"line":23,"column":42}},"11":{"start":{"line":24,"column":2},"end":{"line":42,"column":3}},"12":{"start":{"line":25,"column":4},"end":{"line":25,"column":69}},"13":{"start":{"line":25,"column":31},"end":{"line":25,"column":67}},"14":{"start":{"line":26,"column":9},"end":{"line":42,"column":3}},"15":{"start":{"line":27,"column":4},"end":{"line":41,"column":7}},"16":{"start":{"line":28,"column":20},"end":{"line":32,"column":null}},"17":{"start":{"line":34,"column":20},"end":{"line":38,"column":null}},"18":{"start":{"line":40,"column":6},"end":{"line":40,"column":27}},"19":{"start":{"line":46,"column":4},"end":{"line":55,"column":10}},"20":{"start":{"line":49,"column":12},"end":{"line":49,"column":61}},"21":{"start":{"line":49,"column":37},"end":{"line":49,"column":61}},"22":{"start":{"line":50,"column":12},"end":{"line":50,"column":42}},"23":{"start":{"line":51,"column":12},"end":{"line":51,"column":23}},"24":{"start":{"line":57,"column":2},"end":{"line":105,"column":4}},"25":{"start":{"line":63,"column":25},"end":{"line":63,"column":77}},"26":{"start":{"line":69,"column":25},"end":{"line":69,"column":77}},"27":{"start":{"line":77,"column":12},"end":{"line":77,"column":32}},"28":{"start":{"line":81,"column":18},"end":{"line":82,"column":null}},"29":{"start":{"line":95,"column":12},"end":{"line":96,"column":null}}},"fnMap":{"0":{"name":"PostsListPage","decl":{"start":{"line":7,"column":24},"end":{"line":7,"column":37}},"loc":{"start":{"line":7,"column":37},"end":{"line":106,"column":1}}},"1":{"name":"(anonymous_2)","decl":{"start":{"line":13,"column":22},"end":{"line":13,"column":null}},"loc":{"start":{"line":18,"column":6},"end":{"line":20,"column":3}}},"2":{"name":"(anonymous_3)","decl":{"start":{"line":25,"column":21},"end":{"line":25,"column":22}},"loc":{"start":{"line":25,"column":31},"end":{"line":25,"column":67}}},"3":{"name":"(anonymous_4)","decl":{"start":{"line":27,"column":21},"end":{"line":27,"column":22}},"loc":{"start":{"line":27,"column":30},"end":{"line":41,"column":5}}},"4":{"name":"(anonymous_5)","decl":{"start":{"line":48,"column":10},"end":{"line":48,"column":11}},"loc":{"start":{"line":48,"column":34},"end":{"line":52,"column":11}}},"5":{"name":"(anonymous_6)","decl":{"start":{"line":63,"column":19},"end":{"line":63,"column":22}},"loc":{"start":{"line":63,"column":25},"end":{"line":63,"column":77}}},"6":{"name":"(anonymous_7)","decl":{"start":{"line":69,"column":19},"end":{"line":69,"column":22}},"loc":{"start":{"line":69,"column":25},"end":{"line":69,"column":77}}},"7":{"name":"(anonymous_8)","decl":{"start":{"line":76,"column":44},"end":{"line":76,"column":45}},"loc":{"start":{"line":77,"column":12},"end":{"line":77,"column":32}}},"8":{"name":"(anonymous_9)","decl":{"start":{"line":80,"column":27},"end":{"line":80,"column":28}},"loc":{"start":{"line":81,"column":18},"end":{"line":82,"column":null}}},"9":{"name":"(anonymous_10)","decl":{"start":{"line":94,"column":27},"end":{"line":94,"column":28}},"loc":{"start":{"line":95,"column":12},"end":{"line":96,"column":null}}}},"branchMap":{"0":{"loc":{"start":{"line":24,"column":2},"end":{"line":42,"column":3}},"type":"if","locations":[{"start":{"line":24,"column":2},"end":{"line":42,"column":3}},{"start":{"line":26,"column":9},"end":{"line":42,"column":3}}]},"1":{"loc":{"start":{"line":26,"column":9},"end":{"line":42,"column":3}},"type":"if","locations":[{"start":{"line":26,"column":9},"end":{"line":42,"column":3}}]},"2":{"loc":{"start":{"line":26,"column":13},"end":{"line":26,"column":49}},"type":"binary-expr","locations":[{"start":{"line":26,"column":13},"end":{"line":26,"column":34}},{"start":{"line":26,"column":38},"end":{"line":26,"column":49}}]},"3":{"loc":{"start":{"line":46,"column":4},"end":{"line":55,"column":10}},"type":"cond-expr","locations":[{"start":{"line":47,"column":8},"end":{"line":53,"column":null}},{"start":{"line":55,"column":8},"end":{"line":55,"column":10}}]},"4":{"loc":{"start":{"line":49,"column":12},"end":{"line":49,"column":61}},"type":"if","locations":[{"start":{"line":49,"column":12},"end":{"line":49,"column":61}}]},"5":{"loc":{"start":{"line":63,"column":35},"end":{"line":63,"column":76}},"type":"cond-expr","locations":[{"start":{"line":63,"column":59},"end":{"line":63,"column":63}},{"start":{"line":63,"column":66},"end":{"line":63,"column":76}}]},"6":{"loc":{"start":{"line":64,"column":18},"end":{"line":64,"column":54}},"type":"cond-expr","locations":[{"start":{"line":64,"column":42},"end":{"line":64,"column":46}},{"start":{"line":64,"column":49},"end":{"line":64,"column":54}}]},"7":{"loc":{"start":{"line":69,"column":35},"end":{"line":69,"column":76}},"type":"cond-expr","locations":[{"start":{"line":69,"column":59},"end":{"line":69,"column":63}},{"start":{"line":69,"column":66},"end":{"line":69,"column":76}}]},"8":{"loc":{"start":{"line":70,"column":18},"end":{"line":70,"column":54}},"type":"cond-expr","locations":[{"start":{"line":70,"column":42},"end":{"line":70,"column":46}},{"start":{"line":70,"column":49},"end":{"line":70,"column":54}}]},"9":{"loc":{"start":{"line":74,"column":7},"end":{"line":102,"column":null}},"type":"cond-expr","locations":[{"start":{"line":75,"column":8},"end":{"line":90,"column":null}},{"start":{"line":93,"column":8},"end":{"line":101,"column":null}}]}},"s":{"0":0,"1":0,"2":0,"3":0,"4":0,"5":0,"6":0,"7":0,"8":0,"9":0,"10":0,"11":0,"12":0,"13":0,"14":0,"15":0,"16":0,"17":0,"18":0,"19":0,"20":0,"21":0,"22":0,"23":0,"24":0,"25":0,"26":0,"27":0,"28":0,"29":0},"f":{"0":0,"1":0,"2":0,"3":0,"4":0,"5":0,"6":0,"7":0,"8":0,"9":0},"b":{"0":[0,0],"1":[0],"2":[0,0],"3":[0,0],"4":[0],"5":[0,0],"6":[0,0],"7":[0,0],"8":[0,0],"9":[0,0]}}
,"C:\\Users\\dmhb1\\_PROGRAMACION\\Tags!\\client\\src\\zustand\\mapStore.ts": {"path":"C:\\Users\\dmhb1\\_PROGRAMACION\\Tags!\\client\\src\\zustand\\mapStore.ts","statementMap":{"0":{"start":{"line":2,"column":0},"end":{"line":2,"column":33}},"1":{"start":{"line":3,"column":0},"end":{"line":3,"column":38}},"2":{"start":{"line":11,"column":13},"end":{"line":43,"column":null}},"3":{"start":{"line":11,"column":57},"end":{"line":43,"column":2}},"4":{"start":{"line":18,"column":8},"end":{"line":18,"column":null}},"5":{"start":{"line":19,"column":8},"end":{"line":19,"column":null}},"6":{"start":{"line":20,"column":8},"end":{"line":39,"column":null}},"7":{"start":{"line":21,"column":24},"end":{"line":21,"column":77}},"8":{"start":{"line":22,"column":30},"end":{"line":22,"column":33}},"9":{"start":{"line":25,"column":12},"end":{"line":25,"column":null}},"10":{"start":{"line":26,"column":12},"end":{"line":26,"column":null}},"11":{"start":{"line":28,"column":12},"end":{"line":28,"column":75}},"12":{"start":{"line":31,"column":12},"end":{"line":31,"column":55}},"13":{"start":{"line":32,"column":12},"end":{"line":32,"column":null}},"14":{"start":{"line":32,"column":22},"end":{"line":32,"column":null}}},"fnMap":{"0":{"name":"(anonymous_0)","decl":{"start":{"line":11,"column":47},"end":{"line":11,"column":48}},"loc":{"start":{"line":11,"column":57},"end":{"line":43,"column":2}}},"1":{"name":"(anonymous_1)","decl":{"start":{"line":17,"column":15},"end":{"line":17,"column":17}},"loc":{"start":{"line":17,"column":19},"end":{"line":41,"column":5}}},"2":{"name":"(anonymous_2)","decl":{"start":{"line":20,"column":50},"end":{"line":20,"column":51}},"loc":{"start":{"line":20,"column":63},"end":{"line":29,"column":11}}},"3":{"name":"(anonymous_3)","decl":{"start":{"line":30,"column":10},"end":{"line":30,"column":11}},"loc":{"start":{"line":30,"column":20},"end":{"line":34,"column":11}}}},"branchMap":{"0":{"loc":{"start":{"line":25,"column":25},"end":{"line":25,"column":97}},"type":"cond-expr","locations":[{"start":{"line":25,"column":49},"end":{"line":25,"column":69}},{"start":{"line":25,"column":74},"end":{"line":25,"column":96}}]},"1":{"loc":{"start":{"line":26,"column":27},"end":{"line":26,"column":99}},"type":"cond-expr","locations":[{"start":{"line":26,"column":51},"end":{"line":26,"column":71}},{"start":{"line":26,"column":76},"end":{"line":26,"column":98}}]},"2":{"loc":{"start":{"line":32,"column":12},"end":{"line":32,"column":null}},"type":"if","locations":[{"start":{"line":32,"column":12},"end":{"line":32,"column":null}}]}},"s":{"0":0,"1":0,"2":0,"3":0,"4":0,"5":0,"6":0,"7":0,"8":0,"9":0,"10":0,"11":0,"12":0,"13":0,"14":0},"f":{"0":0,"1":0,"2":0,"3":0},"b":{"0":[0,0],"1":[0,0],"2":[0]}}
}
