TN:
SF:src\AppRouter.tsx
FN:36,AppRouter
FNF:1
FNH:0
FNDA:0,AppRouter
DA:1,0
DA:7,0
DA:8,0
DA:9,0
DA:10,0
DA:11,0
DA:12,0
DA:13,0
DA:14,0
DA:15,0
DA:16,0
DA:17,0
DA:19,0
DA:36,0
DA:37,0
LF:15
LH:0
BRF:0
BRH:0
end_of_record
TN:
SF:src\assets\firebase\auth.ts
FN:8,ensureFirebaseUser
FN:28,upgradeAnonUser
FN:45,loginUserFB
FNF:3
FNH:0
FNDA:0,ensureFirebaseUser
FNDA:0,upgradeAnonUser
FNDA:0,loginUserFB
DA:1,0
DA:2,0
DA:3,0
DA:4,0
DA:8,0
DA:10,0
DA:11,0
DA:12,0
DA:16,0
DA:17,0
DA:18,0
DA:19,0
DA:20,0
DA:21,0
DA:23,0
DA:24,0
DA:28,0
DA:29,0
DA:31,0
DA:32,0
DA:34,0
DA:35,0
DA:36,0
DA:37,0
DA:39,0
DA:45,0
DA:46,0
DA:47,0
DA:48,0
DA:49,0
LF:30
LH:0
BRDA:10,0,0,0
BRDA:29,1,0,0
BRF:2
BRH:0
end_of_record
TN:
SF:src\assets\firebase\bucket.ts
FN:8,uploadFile
FNF:1
FNH:0
FNDA:0,uploadFile
DA:1,0
DA:2,0
DA:3,0
DA:8,0
DA:9,0
DA:10,0
DA:11,0
DA:12,0
DA:13,0
DA:16,0
DA:18,0
DA:19,0
DA:20,0
DA:21,0
DA:24,0
LF:15
LH:0
BRDA:19,0,0,0
BRDA:19,0,1,0
BRF:2
BRH:0
end_of_record
TN:
SF:src\assets\helperFunctions\calculateTimeLeft.ts
FN:4,calculateTimeLeft
FNF:1
FNH:0
FNDA:0,calculateTimeLeft
DA:4,0
DA:6,0
DA:7,0
DA:8,0
DA:9,0
DA:10,0
DA:11,0
LF:7
LH:0
BRF:0
BRH:0
end_of_record
TN:
SF:src\assets\helperFunctions\chatFunctions.ts
FN:7,populateStoreWithChatData
FNF:1
FNH:0
FNDA:0,populateStoreWithChatData
DA:2,0
DA:3,0
DA:4,0
DA:5,0
DA:7,0
DA:8,0
DA:10,0
DA:11,0
DA:12,0
DA:13,0
DA:15,0
DA:17,0
DA:19,0
DA:22,0
DA:23,0
LF:15
LH:0
BRDA:17,0,0,0
BRDA:19,1,0,0
BRDA:19,1,1,0
BRF:3
BRH:0
end_of_record
TN:
SF:src\assets\helperFunctions\checkExistingChat.ts
FN:8,checkExistingChat
FN:9,(anonymous_1)
FNF:2
FNH:0
FNDA:0,checkExistingChat
FNDA:0,(anonymous_1)
DA:6,0
DA:8,0
DA:9,0
DA:10,0
DA:11,0
DA:12,0
DA:14,0
LF:7
LH:0
BRDA:10,0,0,0
BRDA:14,1,0,0
BRDA:14,1,1,0
BRF:3
BRH:0
end_of_record
TN:
SF:src\assets\helperFunctions\checkIdType.ts
FN:4,checkIdType
FN:5,(anonymous_1)
FNF:2
FNH:0
FNDA:0,checkIdType
FNDA:0,(anonymous_1)
DA:4,0
DA:5,0
DA:6,0
LF:3
LH:0
BRF:0
BRH:0
end_of_record
TN:
SF:src\assets\helperFunctions\dateFunctions.ts
FN:3,stampToDate
FN:18,formatDateTime
FNF:2
FNH:0
FNDA:0,stampToDate
FNDA:0,formatDateTime
DA:3,0
DA:4,0
DA:6,0
DA:12,0
DA:14,0
DA:18,0
DA:19,0
DA:20,0
DA:23,0
DA:25,0
DA:26,0
DA:32,0
LF:12
LH:0
BRDA:25,0,0,0
BRDA:25,0,1,0
BRF:2
BRH:0
end_of_record
TN:
SF:src\components\AllChatComponent.tsx
FN:11,AllChatComponent
FN:17,(anonymous_1)
FN:29,(anonymous_2)
FN:36,(anonymous_3)
FN:64,(anonymous_4)
FN:67,(anonymous_5)
FNF:6
FNH:0
FNDA:0,AllChatComponent
FNDA:0,(anonymous_1)
FNDA:0,(anonymous_2)
FNDA:0,(anonymous_3)
FNDA:0,(anonymous_4)
FNDA:0,(anonymous_5)
DA:1,0
DA:3,0
DA:4,0
DA:5,0
DA:11,0
DA:12,0
DA:13,0
DA:14,0
DA:15,0
DA:17,0
DA:18,0
DA:19,0
DA:23,0
DA:24,0
DA:27,0
DA:30,0
DA:37,0
DA:38,0
DA:65,0
DA:68,0
LF:20
LH:0
BRDA:18,0,0,0
BRDA:18,1,0,0
BRDA:18,1,1,0
BRDA:23,2,0,0
BRDA:42,3,0,0
BRDA:42,3,1,0
BRDA:52,4,0,0
BRDA:52,4,1,0
BRDA:73,5,0,0
BRDA:73,5,1,0
BRF:10
BRH:0
end_of_record
TN:
SF:src\components\ChatComponent.tsx
FN:10,ChatComponent
FN:21,(anonymous_1)
FN:25,(anonymous_2)
FN:27,(anonymous_3)
FN:37,(anonymous_4)
FN:40,(anonymous_5)
FN:49,(anonymous_6)
FN:66,(anonymous_7)
FN:73,(anonymous_8)
FN:99,(anonymous_9)
FN:122,(anonymous_10)
FNF:11
FNH:0
FNDA:0,ChatComponent
FNDA:0,(anonymous_1)
FNDA:0,(anonymous_2)
FNDA:0,(anonymous_3)
FNDA:0,(anonymous_4)
FNDA:0,(anonymous_5)
FNDA:0,(anonymous_6)
FNDA:0,(anonymous_7)
FNDA:0,(anonymous_8)
FNDA:0,(anonymous_9)
FNDA:0,(anonymous_10)
DA:1,0
DA:3,0
DA:4,0
DA:5,0
DA:6,0
DA:7,0
DA:10,0
DA:11,0
DA:12,0
DA:13,0
DA:14,0
DA:16,0
DA:17,0
DA:19,0
DA:21,0
DA:22,0
DA:25,0
DA:26,0
DA:27,0
DA:28,0
DA:29,0
DA:30,0
DA:31,0
DA:34,0
DA:35,0
DA:37,0
DA:40,0
DA:41,0
DA:49,0
DA:50,0
DA:51,0
DA:53,0
DA:66,0
DA:73,0
DA:75,0
DA:76,0
DA:79,0
DA:80,0
DA:83,0
DA:100,0
DA:122,0
LF:41
LH:0
BRDA:26,0,0,0
BRDA:30,1,0,0
BRDA:51,2,0,0
BRDA:73,3,0,0
BRDA:73,3,1,0
BRDA:79,4,0,0
BRDA:98,5,0,0
BRDA:98,5,1,0
BRDA:100,6,0,0
BRDA:100,6,1,0
BRDA:102,7,0,0
BRDA:102,7,1,0
BRF:12
BRH:0
end_of_record
TN:
SF:src\components\ChatListComponent.tsx
FN:12,ChatListComponent
FN:21,(anonymous_1)
FN:28,(anonymous_2)
FN:51,(anonymous_3)
FN:64,(anonymous_4)
FN:70,(anonymous_5)
FNF:6
FNH:0
FNDA:0,ChatListComponent
FNDA:0,(anonymous_1)
FNDA:0,(anonymous_2)
FNDA:0,(anonymous_3)
FNDA:0,(anonymous_4)
FNDA:0,(anonymous_5)
DA:1,0
DA:2,0
DA:3,0
DA:5,0
DA:12,0
DA:13,0
DA:14,0
DA:15,0
DA:16,0
DA:18,0
DA:22,0
DA:29,0
DA:30,0
DA:52,0
DA:65,0
DA:66,0
DA:71,0
LF:17
LH:0
BRDA:20,0,0,0
BRDA:20,0,1,0
BRDA:20,1,0,0
BRDA:20,1,1,0
BRDA:37,2,0,0
BRDA:37,2,1,0
BRDA:59,3,0,0
BRDA:59,3,1,0
BRDA:77,4,0,0
BRDA:77,4,1,0
BRF:10
BRH:0
end_of_record
TN:
SF:src\components\CircularProgressbar.tsx
FN:9,CircularProgressbarComp
FNF:1
FNH:0
FNDA:0,CircularProgressbarComp
DA:1,0
DA:2,0
DA:9,0
DA:12,0
DA:14,0
LF:5
LH:0
BRDA:18,0,0,0
BRDA:18,0,1,0
BRF:2
BRH:0
end_of_record
TN:
SF:src\components\Error.tsx
FN:2,Error
FNF:1
FNH:0
FNDA:0,Error
DA:2,0
DA:3,0
LF:2
LH:0
BRF:0
BRH:0
end_of_record
TN:
SF:src\components\PopUpPost.tsx
FN:13,PopUpPost
FN:19,(anonymous_1)
FN:55,(anonymous_2)
FNF:3
FNH:0
FNDA:0,PopUpPost
FNDA:0,(anonymous_1)
FNDA:0,(anonymous_2)
DA:2,0
DA:4,0
DA:5,0
DA:6,0
DA:13,0
DA:14,0
DA:15,0
DA:16,0
DA:17,0
DA:19,0
DA:20,0
DA:23,0
DA:56,0
DA:57,0
LF:14
LH:0
BRDA:29,0,0,0
BRDA:29,0,1,0
BRDA:52,1,0,0
BRDA:52,1,1,0
BRDA:52,1,2,0
BRF:5
BRH:0
end_of_record
TN:
SF:src\components\PostComponent.tsx
FN:18,PostComponent
FN:23,(anonymous_2)
FN:29,(anonymous_3)
FN:35,(anonymous_4)
FN:40,(anonymous_5)
FN:59,(anonymous_6)
FN:67,(anonymous_7)
FNF:7
FNH:0
FNDA:0,PostComponent
FNDA:0,(anonymous_2)
FNDA:0,(anonymous_3)
FNDA:0,(anonymous_4)
FNDA:0,(anonymous_5)
FNDA:0,(anonymous_6)
FNDA:0,(anonymous_7)
DA:1,0
DA:4,0
DA:5,0
DA:6,0
DA:7,0
DA:8,0
DA:9,0
DA:10,0
DA:11,0
DA:18,0
DA:19,0
DA:20,0
DA:21,0
DA:22,0
DA:23,0
DA:24,0
DA:27,0
DA:29,0
DA:31,0
DA:32,0
DA:33,0
DA:35,0
DA:36,0
DA:37,0
DA:40,0
DA:46,0
DA:59,0
DA:68,0
DA:69,0
LF:29
LH:0
BRDA:31,0,0,0
BRDA:32,1,0,0
BRDA:32,1,1,0
BRDA:36,2,0,0
BRDA:53,3,0,0
BRDA:53,3,1,0
BRDA:54,4,0,0
BRDA:54,4,1,0
BRDA:56,5,0,0
BRDA:56,5,1,0
BRDA:75,6,0,0
BRDA:75,6,1,0
BRDA:85,7,0,0
BRDA:85,7,1,0
BRDA:91,8,0,0
BRDA:91,8,1,0
BRDA:95,9,0,0
BRDA:95,9,1,0
BRDA:99,10,0,0
BRDA:99,10,1,0
BRF:20
BRH:0
end_of_record
TN:
SF:src\components\PostMarker.tsx
FN:17,PostMarker
FN:22,(anonymous_2)
FN:45,(anonymous_3)
FN:49,(anonymous_4)
FN:52,(anonymous_5)
FN:62,(anonymous_6)
FNF:6
FNH:0
FNDA:0,PostMarker
FNDA:0,(anonymous_2)
FNDA:0,(anonymous_3)
FNDA:0,(anonymous_4)
FNDA:0,(anonymous_5)
FNDA:0,(anonymous_6)
DA:1,0
DA:2,0
DA:3,0
DA:4,0
DA:5,0
DA:7,0
DA:8,0
DA:9,0
DA:17,0
DA:18,0
DA:20,0
DA:22,0
DA:23,0
DA:27,0
DA:45,0
DA:46,0
DA:47,0
DA:49,0
DA:50,0
DA:52,0
DA:58,0
DA:63,0
LF:22
LH:0
BRDA:33,0,0,0
BRDA:33,0,1,0
BRDA:46,1,0,0
BRDA:46,1,1,0
BRDA:59,2,0,0
BRDA:59,2,1,0
BRF:6
BRH:0
end_of_record
TN:
SF:src\components\ProfileHeader.tsx
FN:5,ProfileHeader
FNF:1
FNH:0
FNDA:0,ProfileHeader
DA:1,0
DA:2,0
DA:3,0
DA:5,0
DA:6,0
DA:7,0
DA:9,0
LF:7
LH:0
BRDA:25,0,0,0
BRDA:25,0,1,0
BRDA:33,1,0,0
BRDA:33,1,1,0
BRDA:39,2,0,0
BRDA:39,2,1,0
BRF:6
BRH:0
end_of_record
TN:
SF:src\components\SearchBar.tsx
FN:9,SearchBar
FN:12,(anonymous_1)
FN:26,(anonymous_2)
FN:26,(anonymous_3)
FNF:4
FNH:0
FNDA:0,SearchBar
FNDA:0,(anonymous_1)
FNDA:0,(anonymous_2)
FNDA:0,(anonymous_3)
DA:1,0
DA:2,0
DA:9,0
DA:10,0
DA:12,0
DA:13,0
DA:14,0
DA:15,0
DA:18,0
DA:26,0
DA:27,0
LF:11
LH:0
BRF:0
BRH:0
end_of_record
TN:
SF:src\components\buttons\BtnMain.tsx
FN:11,BtnMain
FNF:1
FNH:0
FNDA:0,BtnMain
DA:2,0
DA:11,0
DA:13,0
DA:23,0
LF:4
LH:0
BRDA:13,0,0,0
BRDA:13,0,1,0
BRDA:15,1,0,0
BRDA:15,1,1,0
BRDA:17,2,0,0
BRDA:17,2,1,0
BRDA:19,3,0,0
BRDA:19,3,1,0
BRDA:26,4,0,0
BRDA:26,4,1,0
BRF:10
BRH:0
end_of_record
TN:
SF:src\components\buttons\BtnSmall.tsx
FN:7,BtnSmall
FNF:1
FNH:0
FNDA:0,BtnSmall
DA:7,0
DA:8,0
LF:2
LH:0
BRDA:12,0,0,0
BRDA:12,0,1,0
BRF:2
BRH:0
end_of_record
TN:
SF:src\components\buttons\FotoUploader.tsx
FN:11,FotoUploader
FN:16,(anonymous_2)
FN:23,(anonymous_3)
FN:25,(anonymous_4)
FN:55,(anonymous_5)
FNF:5
FNH:0
FNDA:0,FotoUploader
FNDA:0,(anonymous_2)
FNDA:0,(anonymous_3)
FNDA:0,(anonymous_4)
FNDA:0,(anonymous_5)
DA:1,0
DA:2,0
DA:3,0
DA:4,0
DA:11,0
DA:13,0
DA:14,0
DA:16,0
DA:17,0
DA:18,0
DA:19,0
DA:23,0
DA:24,0
DA:25,0
DA:26,0
DA:27,0
DA:28,0
DA:29,0
DA:30,0
DA:32,0
DA:34,0
DA:35,0
DA:38,0
DA:43,0
DA:55,0
LF:25
LH:0
BRDA:17,0,0,0
BRDA:24,1,0,0
BRDA:28,2,0,0
BRDA:60,3,0,0
BRDA:60,3,1,0
BRDA:62,4,0,0
BRDA:62,4,1,0
BRDA:62,5,0,0
BRDA:62,5,1,0
BRDA:67,6,0,0
BRDA:67,6,1,0
BRF:11
BRH:0
end_of_record
TN:
SF:src\components\buttons\NavBarElement.tsx
FN:10,NavBarElement
FN:15,handleClick
FNF:2
FNH:0
FNDA:0,NavBarElement
FNDA:0,handleClick
DA:1,0
DA:2,0
DA:10,0
DA:11,0
DA:13,0
DA:16,0
DA:17,0
DA:18,0
DA:20,0
DA:23,0
LF:10
LH:0
BRDA:16,0,0,0
BRDA:16,1,0,0
BRDA:16,1,1,0
BRDA:16,1,2,0
BRDA:16,1,3,0
BRDA:27,2,0,0
BRDA:27,2,1,0
BRF:7
BRH:0
end_of_record
TN:
SF:src\data\listUtilities.ts
FNF:0
FNH:0
DA:4,0
DA:22,0
DA:29,0
LF:3
LH:0
BRF:0
BRH:0
end_of_record
TN:
SF:src\data\mapUtilities.ts
FNF:0
FNH:0
DA:2,0
LF:1
LH:0
BRF:0
BRH:0
end_of_record
TN:
SF:src\pages\About.tsx
FN:2,About
FNF:1
FNH:0
FNDA:0,About
DA:2,0
DA:3,0
LF:2
LH:0
BRF:0
BRH:0
end_of_record
TN:
SF:src\pages\Chat.tsx
FN:11,Chat
FN:23,(anonymous_2)
FN:30,(anonymous_3)
FNF:3
FNH:0
FNDA:0,Chat
FNDA:0,(anonymous_2)
FNDA:0,(anonymous_3)
DA:1,0
DA:2,0
DA:3,0
DA:4,0
DA:5,0
DA:6,0
DA:7,0
DA:8,0
DA:11,0
DA:12,0
DA:13,0
DA:14,0
DA:16,0
DA:18,0
DA:19,0
DA:23,0
DA:24,0
DA:25,0
DA:26,0
DA:27,0
DA:28,0
DA:29,0
DA:30,0
DA:31,0
DA:32,0
DA:34,0
DA:35,0
DA:40,0
LF:28
LH:0
BRDA:24,0,0,0
BRDA:24,0,1,0
BRDA:27,1,0,0
BRDA:27,1,1,0
BRDA:29,2,0,0
BRDA:31,3,0,0
BRDA:31,3,1,0
BRDA:42,4,0,0
BRDA:42,4,1,0
BRDA:43,5,0,0
BRDA:43,5,1,0
BRDA:44,6,0,0
BRDA:44,6,1,0
BRF:13
BRH:0
end_of_record
TN:
SF:src\pages\Landing.tsx
FN:7,Landing
FN:12,(anonymous_2)
FN:20,(anonymous_3)
FNF:3
FNH:0
FNDA:0,Landing
FNDA:0,(anonymous_2)
FNDA:0,(anonymous_3)
DA:1,0
DA:2,0
DA:3,0
DA:4,0
DA:5,0
DA:7,0
DA:8,0
DA:9,0
DA:10,0
DA:12,0
DA:13,0
DA:14,0
DA:15,0
DA:20,0
DA:21,0
DA:22,0
DA:27,0
LF:17
LH:0
BRDA:14,0,0,0
BRDA:21,1,0,0
BRF:2
BRH:0
end_of_record
TN:
SF:src\pages\Login.tsx
FN:10,Login
FN:22,handleChange
FN:24,(anonymous_3)
FN:32,handelSubmit
FN:40,(anonymous_5)
FNF:5
FNH:0
FNDA:0,Login
FNDA:0,handleChange
FNDA:0,(anonymous_3)
FNDA:0,handelSubmit
FNDA:0,(anonymous_5)
DA:1,0
DA:2,0
DA:4,0
DA:5,0
DA:6,0
DA:7,0
DA:8,0
DA:10,0
DA:11,0
DA:12,0
DA:13,0
DA:14,0
DA:15,0
DA:17,0
DA:23,0
DA:24,0
DA:25,0
DA:35,0
DA:36,0
DA:40,0
DA:41,0
DA:42,0
DA:44,0
DA:45,0
DA:46,0
DA:47,0
DA:52,0
LF:27
LH:0
BRDA:41,0,0,0
BRDA:41,0,1,0
BRF:2
BRH:0
end_of_record
TN:
SF:src\pages\Map.tsx
FN:11,Map
FN:16,(anonymous_2)
FN:25,(anonymous_3)
FN:45,(anonymous_4)
FNF:4
FNH:0
FNDA:0,Map
FNDA:0,(anonymous_2)
FNDA:0,(anonymous_3)
FNDA:0,(anonymous_4)
DA:1,0
DA:2,0
DA:3,0
DA:5,0
DA:6,0
DA:7,0
DA:8,0
DA:9,0
DA:11,0
DA:12,0
DA:13,0
DA:14,0
DA:16,0
DA:17,0
DA:18,0
DA:19,0
DA:20,0
DA:25,0
DA:26,0
DA:29,0
DA:46,0
LF:21
LH:0
BRDA:19,0,0,0
BRDA:26,1,0,0
BRDA:26,1,1,0
BRDA:26,1,2,0
BRDA:37,2,0,0
BRDA:37,2,1,0
BRDA:38,3,0,0
BRDA:38,3,1,0
BRDA:38,3,2,0
BRF:9
BRH:0
end_of_record
TN:
SF:src\pages\Post.tsx
FN:14,Post
FN:31,(anonymous_2)
FN:36,(anonymous_3)
FN:41,handleChatClick
FN:100,(anonymous_5)
FN:108,(anonymous_6)
FN:121,(anonymous_7)
FNF:7
FNH:0
FNDA:0,Post
FNDA:0,(anonymous_2)
FNDA:0,(anonymous_3)
FNDA:0,handleChatClick
FNDA:0,(anonymous_5)
FNDA:0,(anonymous_6)
FNDA:0,(anonymous_7)
DA:1,0
DA:2,0
DA:3,0
DA:4,0
DA:5,0
DA:7,0
DA:8,0
DA:10,0
DA:11,0
DA:12,0
DA:14,0
DA:22,0
DA:23,0
DA:24,0
DA:25,0
DA:27,0
DA:28,0
DA:29,0
DA:31,0
DA:32,0
DA:33,0
DA:35,0
DA:36,0
DA:37,0
DA:42,0
DA:44,0
DA:47,0
DA:49,0
DA:50,0
DA:51,0
DA:53,0
DA:54,0
DA:61,0
DA:100,0
DA:109,0
DA:110,0
DA:122,0
DA:124,0
LF:38
LH:0
BRDA:32,0,0,0
BRDA:32,1,0,0
BRDA:32,1,1,0
BRDA:42,2,0,0
BRDA:42,2,1,0
BRDA:49,3,0,0
BRDA:49,3,1,0
BRDA:65,4,0,0
BRDA:65,4,1,0
BRDA:65,4,2,0
BRDA:65,4,3,0
BRDA:72,5,0,0
BRDA:72,5,1,0
BRDA:72,5,2,0
BRDA:72,5,3,0
BRDA:77,6,0,0
BRDA:77,6,1,0
BRDA:77,6,2,0
BRDA:77,6,3,0
BRDA:84,7,0,0
BRDA:84,7,1,0
BRDA:90,8,0,0
BRDA:90,8,1,0
BRDA:90,8,2,0
BRDA:92,9,0,0
BRDA:92,9,1,0
BRDA:92,9,2,0
BRDA:92,9,3,0
BRDA:97,10,0,0
BRDA:97,10,1,0
BRDA:97,11,0,0
BRDA:97,11,1,0
BRDA:105,12,0,0
BRDA:105,12,1,0
BRDA:105,13,0,0
BRDA:105,13,1,0
BRDA:113,14,0,0
BRDA:113,14,1,0
BRDA:113,14,2,0
BRDA:113,14,3,0
BRDA:118,15,0,0
BRDA:118,15,1,0
BRDA:118,16,0,0
BRDA:118,16,1,0
BRF:44
BRH:0
end_of_record
TN:
SF:src\pages\PostForm.tsx
FN:14,PostForm
FN:39,(anonymous_2)
FN:50,registerPost
FN:107,(anonymous_4)
FNF:4
FNH:0
FNDA:0,PostForm
FNDA:0,(anonymous_2)
FNDA:0,registerPost
FNDA:0,(anonymous_4)
DA:1,0
DA:2,0
DA:3,0
DA:4,0
DA:5,0
DA:6,0
DA:7,0
DA:8,0
DA:10,0
DA:11,0
DA:12,0
DA:14,0
DA:23,0
DA:24,0
DA:25,0
DA:26,0
DA:27,0
DA:35,0
DA:37,0
DA:39,0
DA:41,0
DA:42,0
DA:43,0
DA:44,0
DA:45,0
DA:46,0
DA:51,0
DA:52,0
DA:53,0
DA:54,0
DA:56,0
DA:57,0
DA:58,0
DA:62,0
DA:63,0
DA:66,0
DA:68,0
DA:71,0
DA:72,0
DA:75,0
DA:76,0
DA:77,0
DA:78,0
DA:79,0
DA:83,0
DA:108,0
LF:46
LH:0
BRDA:41,0,0,0
BRDA:51,1,0,0
BRDA:51,1,1,0
BRDA:56,2,0,0
BRDA:66,3,0,0
BRDA:66,4,0,0
BRDA:66,4,1,0
BRDA:75,5,0,0
BRDA:91,6,0,0
BRDA:91,6,1,0
BRDA:98,7,0,0
BRDA:98,7,1,0
BRDA:122,8,0,0
BRDA:122,8,1,0
BRDA:129,9,0,0
BRDA:129,9,1,0
BRDA:144,10,0,0
BRDA:144,10,1,0
BRDA:151,11,0,0
BRDA:151,11,1,0
BRDA:152,12,0,0
BRDA:152,12,1,0
BRDA:166,13,0,0
BRDA:166,13,1,0
BRDA:173,14,0,0
BRDA:173,14,1,0
BRDA:182,15,0,0
BRDA:182,15,1,0
BRDA:189,16,0,0
BRDA:189,16,1,0
BRDA:196,17,0,0
BRDA:196,17,1,0
BRDA:196,18,0,0
BRDA:196,18,1,0
BRF:34
BRH:0
end_of_record
TN:
SF:src\pages\Profile.tsx
FN:10,Profile
FN:16,(anonymous_2)
FN:23,(anonymous_3)
FN:33,(anonymous_4)
FN:43,(anonymous_5)
FNF:5
FNH:0
FNDA:0,Profile
FNDA:0,(anonymous_2)
FNDA:0,(anonymous_3)
FNDA:0,(anonymous_4)
FNDA:0,(anonymous_5)
DA:1,0
DA:2,0
DA:3,0
DA:4,0
DA:6,0
DA:7,0
DA:8,0
DA:10,0
DA:11,0
DA:12,0
DA:13,0
DA:16,0
DA:17,0
DA:22,0
DA:23,0
DA:26,0
DA:34,0
DA:43,0
LF:18
LH:0
BRF:0
BRH:0
end_of_record
TN:
SF:src\pages\Signin.tsx
FN:14,Signin
FN:30,createProfile
FN:36,(anonymous_3)
FN:123,(anonymous_4)
FNF:4
FNH:0
FNDA:0,Signin
FNDA:0,createProfile
FNDA:0,(anonymous_3)
FNDA:0,(anonymous_4)
DA:1,0
DA:2,0
DA:4,0
DA:5,0
DA:6,0
DA:7,0
DA:8,0
DA:9,0
DA:10,0
DA:11,0
DA:12,0
DA:14,0
DA:15,0
DA:16,0
DA:17,0
DA:18,0
DA:20,0
DA:27,0
DA:31,0
DA:33,0
DA:36,0
DA:37,0
DA:38,0
DA:40,0
DA:41,0
DA:42,0
DA:43,0
DA:44,0
DA:45,0
DA:46,0
DA:51,0
DA:124,0
LF:32
LH:0
BRDA:37,0,0,0
BRDA:37,0,1,0
BRDA:67,1,0,0
BRDA:67,1,1,0
BRDA:80,2,0,0
BRDA:80,2,1,0
BRDA:96,3,0,0
BRDA:96,3,1,0
BRDA:109,4,0,0
BRDA:109,4,1,0
BRDA:133,5,0,0
BRDA:133,5,1,0
BRDA:145,6,0,0
BRDA:145,6,1,0
BRDA:145,7,0,0
BRDA:145,7,1,0
BRF:16
BRH:0
end_of_record
TN:
SF:src\pages\Tags.tsx
FN:7,PostsListPage
FN:13,(anonymous_2)
FN:25,(anonymous_3)
FN:27,(anonymous_4)
FN:48,(anonymous_5)
FN:63,(anonymous_6)
FN:69,(anonymous_7)
FN:76,(anonymous_8)
FN:80,(anonymous_9)
FN:94,(anonymous_10)
FNF:10
FNH:0
FNDA:0,PostsListPage
FNDA:0,(anonymous_2)
FNDA:0,(anonymous_3)
FNDA:0,(anonymous_4)
FNDA:0,(anonymous_5)
FNDA:0,(anonymous_6)
FNDA:0,(anonymous_7)
FNDA:0,(anonymous_8)
FNDA:0,(anonymous_9)
FNDA:0,(anonymous_10)
DA:1,0
DA:2,0
DA:4,0
DA:5,0
DA:7,0
DA:8,0
DA:9,0
DA:10,0
DA:13,0
DA:19,0
DA:23,0
DA:24,0
DA:25,0
DA:26,0
DA:27,0
DA:28,0
DA:34,0
DA:40,0
DA:46,0
DA:49,0
DA:50,0
DA:51,0
DA:57,0
DA:63,0
DA:69,0
DA:77,0
DA:81,0
DA:95,0
LF:28
LH:0
BRDA:24,0,0,0
BRDA:24,0,1,0
BRDA:26,1,0,0
BRDA:26,2,0,0
BRDA:26,2,1,0
BRDA:46,3,0,0
BRDA:46,3,1,0
BRDA:49,4,0,0
BRDA:63,5,0,0
BRDA:63,5,1,0
BRDA:64,6,0,0
BRDA:64,6,1,0
BRDA:69,7,0,0
BRDA:69,7,1,0
BRDA:70,8,0,0
BRDA:70,8,1,0
BRDA:74,9,0,0
BRDA:74,9,1,0
BRF:18
BRH:0
end_of_record
TN:
SF:src\zustand\mapStore.ts
FN:11,(anonymous_0)
FN:17,(anonymous_1)
FN:20,(anonymous_2)
FN:30,(anonymous_3)
FNF:4
FNH:0
FNDA:0,(anonymous_0)
FNDA:0,(anonymous_1)
FNDA:0,(anonymous_2)
FNDA:0,(anonymous_3)
DA:2,0
DA:3,0
DA:11,0
DA:18,0
DA:19,0
DA:20,0
DA:21,0
DA:22,0
DA:25,0
DA:26,0
DA:28,0
DA:31,0
DA:32,0
LF:13
LH:0
BRDA:25,0,0,0
BRDA:25,0,1,0
BRDA:26,1,0,0
BRDA:26,1,1,0
BRDA:32,2,0,0
BRF:5
BRH:0
end_of_record
